#
# A fatal error has been detected by the Java Runtime Environment:
#
#  SIGSEGV (0xb) at pc=0x00007f3c346c4cc2, pid=3387, tid=139896553199360
#
# JRE version: Java(TM) SE Runtime Environment (8.0_91-b14) (build 1.8.0_91-b14)
# Java VM: Java HotSpot(TM) 64-Bit Server VM (25.91-b14 mixed mode linux-amd64 compressed oops)
# Problematic frame:
# C  [libprofilerinterface.so+0x5cc2]  Java_org_netbeans_lib_profiler_server_system_Stacks_getMethodNamesForJMethodIds+0x162
#
# Failed to write core dump. Core dumps have been disabled. To enable core dumping, try "ulimit -c unlimited" before starting Java again
#
# If you would like to submit a bug report, please visit:
#   http://bugreport.java.com/bugreport/crash.jsp
# The crash happened outside the Java Virtual Machine in native code.
# See problematic frame for where to report the bug.
#

---------------  T H R E A D  ---------------

Current thread (0x00007f3bd0035000):  JavaThread "*** Profiler Agent Communication Thread" daemon [_thread_in_native, id=3414, stack(0x00007f3c344bd000,0x00007f3c345be000)]

siginfo: si_signo: 11 (SIGSEGV), si_code: 1 (SEGV_MAPERR), si_addr: 0x0000000000000019

Registers:
RAX=0x0000000000000019, RBX=0x00007f3c252a7580, RCX=0x00007f3c577f288d, RDX=0x0000000000000000
RSP=0x00007f3c345bc2e0, RBP=0x00007f3c57ac6868, RSI=0x0000000000000000, RDI=0x00007f3c345b9ac0
R8 =0x00007f3c345bd700, R9 =0x0000000000000000, R10=0x00007f3c57ac3be0, R11=0x0000000000000000
R12=0x00007f3c5769d1a0, R13=0x00007f3c345bc378, R14=0x0000000000000001, R15=0x0000000000000000
RIP=0x00007f3c346c4cc2, EFLAGS=0x0000000000010202, CSGSFS=0x0000000000000033, ERR=0x0000000000000004
  TRAPNO=0x000000000000000e

Top of Stack: (sp=0x00007f3c345bc2e0)
0x00007f3c345bc2e0:   0000000000000400 00007f3bd401e9a0
0x00007f3c345bc2f0:   00007f3c345bc380 00007f3bd00351f8
0x00007f3c345bc300:   0000009100000000 00007f3bd40845d0
0x00007f3c345bc310:   00007f3c345bc738 00007f3cc9564210
0x00007f3c345bc320:   00007f3bd407cfc0 0000000000000000
0x00007f3c345bc330:   0000000000000019 00007f3c3ce3f000
0x00007f3c345bc340:   00007f3c345bc3b0 0000000000000000
0x00007f3c345bc350:   00007f3c345bc6e8 00007f3c345bc3a0
0x00007f3c345bc360:   00007f3bd0035000 00007f3c41491bdf
0x00007f3c345bc370:   0000000000000000 00000007438d7a40
0x00007f3c345bc380:   00000007438d7a58 000000065787f648
0x00007f3c345bc390:   00007f3c345bc738 00007f3c419ecddc
0x00007f3c345bc3a0:   0000000649ce1b98 00000007ae951a48
0x00007f3c345bc3b0:   00007f3c345bc738 00007f3c419e1784
0x00007f3c345bc3c0:   000000064ab20fa0 00007f3c345bc490
0x00007f3c345bc3d0:   0000000000000000 0000000000000001
0x00007f3c345bc3e0:   0000000000000000 00007f3bd0035000
0x00007f3c345bc3f0:   00007f3c345bc440 00007f3c413338e1
0x00007f3c345bc400:   0000000000000000 000000064ab20fa0
0x00007f3c345bc410:   000000064ab20fd0 000000064ab20950
0x00007f3c345bc420:   000000064ab213e0 0000000649d17d08
0x00007f3c345bc430:   00007f3c3ce3f000 0000000000000028
0x00007f3c345bc440:   00007f3c345bc738 00007f3c422e3084
0x00007f3c345bc450:   000000064ab20fa0 000000064ab20950
0x00007f3c345bc460:   00000000345bc610 000000000000000a
0x00007f3c345bc470:   00007f3c345bc610 00007f3c345bc600
0x00007f3c345bc480:   00007f3c345bc550 000000064ab20fa0
0x00007f3c345bc490:   00007f3c345bc738 00007f3c422a78d4
0x00007f3c345bc4a0:   000000064ab20918 00007f3c422a3060
0x00007f3c345bc4b0:   000000064ab20d60 000000064ab20918
0x00007f3c345bc4c0:   00007f3c345bc490 0000000000000000
0x00007f3c345bc4d0:   00000007438d7a28 000000064ab208e8 

Instructions: (pc=0x00007f3c346c4cc2)
0x00007f3c346c4ca2:   48 8b 7d 00 31 c0 48 8d 35 31 13 00 00 e8 b4 c7
0x00007f3c346c4cb2:   ff ff 48 8b 44 24 50 48 85 c0 0f 84 3e 02 00 00
0x00007f3c346c4cc2:   8b 10 48 8b 7d 00 48 8d 35 37 19 00 00 31 c0 e8
0x00007f3c346c4cd2:   92 c7 ff ff 4c 8d 2d 16 23 00 00 4c 89 ef e8 53 

Register to memory mapping:

RAX=0x0000000000000019 is an unknown value
RBX=0x00007f3c252a7580 is an unknown value
RCX=0x00007f3c577f288d: __write+0x2d in /lib/x86_64-linux-gnu/libc.so.6 at 0x00007f3c57707000
RDX=0x0000000000000000 is an unknown value
RSP=0x00007f3c345bc2e0 is pointing into the stack for thread: 0x00007f3bd0035000
RBP=0x00007f3c57ac6868: stderr+0 in /lib/x86_64-linux-gnu/libc.so.6 at 0x00007f3c57707000
RSI=0x0000000000000000 is an unknown value
RDI=0x00007f3c345b9ac0 is pointing into the stack for thread: 0x00007f3bd0035000
R8 =0x00007f3c345bd700 is pointing into the stack for thread: 0x00007f3bd0035000
R9 =0x0000000000000000 is an unknown value
R10=0x00007f3c57ac3be0: <offset 0x3bcbe0> in /lib/x86_64-linux-gnu/libc.so.6 at 0x00007f3c57707000
R11=0x0000000000000000 is an unknown value
R12=0x00007f3c5769d1a0: <offset 0xf791a0> in /usr/lib/jvm/java-8-oracle/jre/lib/amd64/server/libjvm.so at 0x00007f3c56724000
R13=0x00007f3c345bc378 is pointing into the stack for thread: 0x00007f3bd0035000
R14=0x0000000000000001 is an unknown value
R15=0x0000000000000000 is an unknown value


Stack: [0x00007f3c344bd000,0x00007f3c345be000],  sp=0x00007f3c345bc2e0,  free space=1020k
Native frames: (J=compiled Java code, j=interpreted, Vv=VM code, C=native code)
C  [libprofilerinterface.so+0x5cc2]  Java_org_netbeans_lib_profiler_server_system_Stacks_getMethodNamesForJMethodIds+0x162

Java frames: (J=compiled Java code, j=interpreted, Vv=VM code)
J 3831  org.netbeans.lib.profiler.server.system.Stacks.getMethodNamesForJMethodIds(I[I[I)[B (0 bytes) @ 0x00007f3c41491b69 [0x00007f3c41491b00+0x69]
J 3828 C1 org.netbeans.lib.profiler.server.ProfilerInterface.getMethodNamesForJMethodIds([I)Lorg/netbeans/lib/profiler/wireprotocol/MethodNamesResponse; (42 bytes) @ 0x00007f3c419e1784 [0x00007f3c419e1660+0x124]
J 7153 C1 org.netbeans.lib.profiler.server.ProfilerServer.handleClientCommand(Lorg/netbeans/lib/profiler/wireprotocol/Command;)V (1296 bytes) @ 0x00007f3c422e3084 [0x00007f3c422e0ba0+0x24e4]
j  org.netbeans.lib.profiler.server.ProfilerServer.listenToClient()V+48
j  org.netbeans.lib.profiler.server.ProfilerServer.run()V+22
v  ~StubRoutines::call_stub

---------------  P R O C E S S  ---------------

Java Threads: ( => current thread )
  0x00007f3bbca64000 JavaThread "pool-3-thread-4" [_thread_blocked, id=3464, stack(0x00007f3c2e6fa000,0x00007f3c2e7fb000)]
  0x00007f3bbca63000 JavaThread "pool-3-thread-3" [_thread_in_vm, id=3463, stack(0x00007f3c2e7fb000,0x00007f3c2e8fc000)]
  0x00007f3bbca5a800 JavaThread "pool-3-thread-2" [_thread_blocked, id=3462, stack(0x00007f3c2e8fc000,0x00007f3c2e9fd000)]
  0x00007f3bbca58800 JavaThread "pool-3-thread-1" [_thread_blocked, id=3461, stack(0x00007f3c2e9fd000,0x00007f3c2eafe000)]
  0x00007f3bbc33e800 JavaThread "derby.rawStoreDaemon" daemon [_thread_blocked, id=3452, stack(0x00007f3c345be000,0x00007f3c346bf000)]
  0x00007f3bbc1e2800 JavaThread "Timer-0" daemon [_thread_blocked, id=3451, stack(0x00007f3c2f8d9000,0x00007f3c2f9da000)]
  0x00007f3c5072a000 JavaThread "DestroyJavaVM" [_thread_blocked, id=3388, stack(0x00007f3c581fe000,0x00007f3c582ff000)]
  0x00007f3be03d8000 JavaThread "SwingWorker-pool-1-thread-1" daemon [_thread_blocked, id=3450, stack(0x00007f3c2f7d8000,0x00007f3c2f8d9000)]
  0x00007f3bc0003000 JavaThread "*** Profiler Agent Special Execution Thread 10" daemon [_thread_blocked, id=3423, stack(0x00007f3c2fbda000,0x00007f3c2fcdb000)]
  0x00007f3bd0045800 JavaThread "*** Profiler Agent Special Execution Thread 6" daemon [_thread_blocked, id=3418, stack(0x00007f3c342bb000,0x00007f3c343bc000)]
  0x00007f3bd0043800 JavaThread "*** JFluid Monitor thread ***" daemon [_thread_blocked, id=3417, stack(0x00007f3c343bc000,0x00007f3c344bd000)]
=>0x00007f3bd0035000 JavaThread "*** Profiler Agent Communication Thread" daemon [_thread_in_native, id=3414, stack(0x00007f3c344bd000,0x00007f3c345be000)]
  0x00007f3c0c001000 JavaThread "Attach Listener" daemon [_thread_blocked, id=3412, stack(0x00007f3c356bc000,0x00007f3c357bd000)]
  0x00007f3be00b4800 JavaThread "TimerQueue" daemon [_thread_blocked, id=3409, stack(0x00007f3c349d3000,0x00007f3c34ad4000)]
  0x00007f3c50b1f000 JavaThread "HoverWatcher" [_thread_blocked, id=3408, stack(0x00007f3c34f14000,0x00007f3c35015000)]
  0x00007f3c506aa800 JavaThread "AWT-EventQueue-0" [_thread_in_vm, id=3406, stack(0x00007f3c35bbd000,0x00007f3c35cbe000)]
  0x00007f3c506a9000 JavaThread "AWT-Shutdown" [_thread_blocked, id=3405, stack(0x00007f3c362d7000,0x00007f3c363d8000)]
  0x00007f3c5044d000 JavaThread "AWT-XAWT" daemon [_thread_in_native, id=3404, stack(0x00007f3c36de7000,0x00007f3c36ee8000)]
  0x00007f3c50425800 JavaThread "Java2D Disposer" daemon [_thread_blocked, id=3403, stack(0x00007f3c3c069000,0x00007f3c3c16a000)]
  0x00007f3c500c3000 JavaThread "Service Thread" daemon [_thread_blocked, id=3400, stack(0x00007f3c3c7c3000,0x00007f3c3c8c4000)]
  0x00007f3c500c0000 JavaThread "C1 CompilerThread2" daemon [_thread_blocked, id=3399, stack(0x00007f3c3c8c4000,0x00007f3c3c9c5000)]
  0x00007f3c500be800 JavaThread "C2 CompilerThread1" daemon [_thread_blocked, id=3398, stack(0x00007f3c3c9c5000,0x00007f3c3cac6000)]
  0x00007f3c500bb800 JavaThread "C2 CompilerThread0" daemon [_thread_blocked, id=3397, stack(0x00007f3c3cac6000,0x00007f3c3cbc7000)]
  0x00007f3c500ba000 JavaThread "Signal Dispatcher" daemon [_thread_blocked, id=3396, stack(0x00007f3c3cbc7000,0x00007f3c3ccc8000)]
  0x00007f3c50088000 JavaThread "Finalizer" daemon [_thread_blocked, id=3395, stack(0x00007f3c3ccc8000,0x00007f3c3cdc9000)]
  0x00007f3c50083000 JavaThread "Reference Handler" daemon [_thread_blocked, id=3394, stack(0x00007f3c3cdc9000,0x00007f3c3ceca000)]

Other Threads:
  0x00007f3c5007b800 VMThread [stack: 0x00007f3c3ceca000,0x00007f3c3cfcb000] [id=3393]
  0x00007f3c500c6000 WatcherThread [stack: 0x00007f3c3c6c2000,0x00007f3c3c7c3000] [id=3401]

VM state:synchronizing (normal execution)

VM Mutex/Monitor currently owned by a thread:  ([mutex/lock_event])
[0x00007f3c50009e40] Safepoint_lock - owner thread: 0x00007f3c5007b800
[0x00007f3c50009ec0] Threads_lock - owner thread: 0x00007f3c5007b800

Heap:
 PSYoungGen      total 1960960K, used 11216K [0x0000000743000000, 0x00000007bfa80000, 0x00000007c0000000)
  eden space 1885696K, 0% used [0x0000000743000000,0x0000000743af4300,0x00000007b6180000)
  from space 75264K, 0% used [0x00000007baa00000,0x00000007baa00000,0x00000007bf380000)
  to   space 74240K, 0% used [0x00000007b6180000,0x00000007b6180000,0x00000007baa00000)
 ParOldGen       total 757760K, used 263238K [0x0000000649000000, 0x0000000677400000, 0x0000000743000000)
  object space 757760K, 34% used [0x0000000649000000,0x0000000659111a30,0x0000000677400000)
 Metaspace       used 47438K, capacity 51062K, committed 129152K, reserved 1097728K
  class space    used 5760K, capacity 8864K, committed 80512K, reserved 1048576K

Card table byte_map: [0x00007f3c40087000,0x00007f3c40c40000] byte_map_base: 0x00007f3c3ce3f000

Marking Bits: (ParMarkBitMap*) 0x00007f3c576dad60
 Begin Bits: [0x00007f3c14480000, 0x00007f3c1a240000)
 End Bits:   [0x00007f3c1a240000, 0x00007f3c20000000)

Polling page: 0x00007f3c5831c000

CodeCache: size=245760Kb used=33074Kb max_used=33445Kb free=212685Kb
 bounds [0x00007f3c41000000, 0x00007f3c43110000, 0x00007f3c50000000]
 total_blobs=9165 nmethods=8120 adapters=953
 compilation: enabled

Compilation events (10 events):
Event: 109,744 Thread 0x00007f3c500bb800 10831       4       org.apache.derby.impl.store.access.btree.OpenBTree::<init> (15 bytes)
Event: 109,744 Thread 0x00007f3c500bb800 nmethod 10831 0x00007f3c42a6cb50 code [0x00007f3c42a6cca0, 0x00007f3c42a6ccf8]
Event: 109,940 Thread 0x00007f3c500bb800 10832       4       org.apache.derby.impl.store.raw.xact.Xact::preComplete (65 bytes)
Event: 109,947 Thread 0x00007f3c500bb800 nmethod 10832 0x00007f3c42537910 code [0x00007f3c42537a80, 0x00007f3c42538598]
Event: 110,214 Thread 0x00007f3c500be800 10833       4       org.apache.derby.impl.store.access.btree.BTreeScan::fetchNext (44 bytes)
Event: 110,216 Thread 0x00007f3c500be800 nmethod 10833 0x00007f3c430f0590 code [0x00007f3c430f06e0, 0x00007f3c430f0848]
Event: 110,257 Thread 0x00007f3c500bb800 10834       4       org.apache.derby.impl.sql.compile.SQLParser::jj_3R_147 (11 bytes)
Event: 110,263 Thread 0x00007f3c500bb800 nmethod 10834 0x00007f3c41ed0250 code [0x00007f3c41ed0420, 0x00007f3c41ed0a08]
Event: 110,265 Thread 0x00007f3c500bb800 10835       4       org.apache.derby.impl.store.access.RAMTransaction::getLockSpace (10 bytes)
Event: 110,267 Thread 0x00007f3c500bb800 nmethod 10835 0x00007f3c41744b50 code [0x00007f3c41744ca0, 0x00007f3c41744d38]

GC Heap History (10 events):
Event: 103,733 GC heap before
{Heap before GC invocations=30 (full 5):
 PSYoungGen      total 1890304K, used 1810272K [0x0000000743000000, 0x00000007bc180000, 0x00000007c0000000)
  eden space 1794560K, 100% used [0x0000000743000000,0x00000007b0880000,0x00000007b0880000)
  from space 95744K, 16% used [0x00000007b6100000,0x00000007b7058000,0x00000007bbe80000)
  to   space 90624K, 0% used [0x00000007b0880000,0x00000007b0880000,0x00000007b6100000)
 ParOldGen       total 655360K, used 235688K [0x0000000649000000, 0x0000000671000000, 0x0000000743000000)
  object space 655360K, 35% used [0x0000000649000000,0x000000065762a1b0,0x0000000671000000)
 Metaspace       used 56396K, capacity 102830K, committed 102912K, reserved 1097728K
  class space    used 11291K, capacity 55240K, committed 55296K, reserved 1048576K
Event: 103,749 GC heap after
Heap after GC invocations=30 (full 5):
 PSYoungGen      total 1885184K, used 21648K [0x0000000743000000, 0x00000007bef00000, 0x00000007c0000000)
  eden space 1794560K, 0% used [0x0000000743000000,0x0000000743000000,0x00000007b0880000)
  from space 90624K, 23% used [0x00000007b0880000,0x00000007b1da4010,0x00000007b6100000)
  to   space 84480K, 0% used [0x00000007b9c80000,0x00000007b9c80000,0x00000007bef00000)
 ParOldGen       total 655360K, used 235688K [0x0000000649000000, 0x0000000671000000, 0x0000000743000000)
  object space 655360K, 35% used [0x0000000649000000,0x000000065762a1b0,0x0000000671000000)
 Metaspace       used 56396K, capacity 102830K, committed 102912K, reserved 1097728K
  class space    used 11291K, capacity 55240K, committed 55296K, reserved 1048576K
}
Event: 105,937 GC heap before
{Heap before GC invocations=31 (full 5):
 PSYoungGen      total 1885184K, used 1816208K [0x0000000743000000, 0x00000007bef00000, 0x00000007c0000000)
  eden space 1794560K, 100% used [0x0000000743000000,0x00000007b0880000,0x00000007b0880000)
  from space 90624K, 23% used [0x00000007b0880000,0x00000007b1da4010,0x00000007b6100000)
  to   space 84480K, 0% used [0x00000007b9c80000,0x00000007b9c80000,0x00000007bef00000)
 ParOldGen       total 655360K, used 235688K [0x0000000649000000, 0x0000000671000000, 0x0000000743000000)
  object space 655360K, 35% used [0x0000000649000000,0x000000065762a1b0,0x0000000671000000)
 Metaspace       used 58032K, capacity 112292K, committed 112384K, reserved 1097728K
  class space    used 12301K, capacity 63706K, committed 63744K, reserved 1048576K
Event: 105,954 GC heap after
Heap after GC invocations=31 (full 5):
 PSYoungGen      total 1951744K, used 25280K [0x0000000743000000, 0x00000007bef00000, 0x00000007c0000000)
  eden space 1867264K, 0% used [0x0000000743000000,0x0000000743000000,0x00000007b4f80000)
  from space 84480K, 29% used [0x00000007b9c80000,0x00000007bb530000,0x00000007bef00000)
  to   space 78848K, 0% used [0x00000007b4f80000,0x00000007b4f80000,0x00000007b9c80000)
 ParOldGen       total 655360K, used 235688K [0x0000000649000000, 0x0000000671000000, 0x0000000743000000)
  object space 655360K, 35% used [0x0000000649000000,0x000000065762a1b0,0x0000000671000000)
 Metaspace       used 58032K, capacity 112292K, committed 112384K, reserved 1097728K
  class space    used 12301K, capacity 63706K, committed 63744K, reserved 1048576K
}
Event: 108,111 GC heap before
{Heap before GC invocations=32 (full 5):
 PSYoungGen      total 1951744K, used 1892544K [0x0000000743000000, 0x00000007bef00000, 0x00000007c0000000)
  eden space 1867264K, 100% used [0x0000000743000000,0x00000007b4f80000,0x00000007b4f80000)
  from space 84480K, 29% used [0x00000007b9c80000,0x00000007bb530000,0x00000007bef00000)
  to   space 78848K, 0% used [0x00000007b4f80000,0x00000007b4f80000,0x00000007b9c80000)
 ParOldGen       total 655360K, used 235688K [0x0000000649000000, 0x0000000671000000, 0x0000000743000000)
  object space 655360K, 35% used [0x0000000649000000,0x000000065762a1b0,0x0000000671000000)
 Metaspace       used 59396K, capacity 120222K, committed 120448K, reserved 1099776K
  class space    used 13140K, capacity 70744K, committed 70784K, reserved 1048576K
Event: 108,132 GC heap after
Heap after GC invocations=32 (full 5):
 PSYoungGen      total 1946112K, used 30032K [0x0000000743000000, 0x00000007bf380000, 0x00000007c0000000)
  eden space 1867264K, 0% used [0x0000000743000000,0x0000000743000000,0x00000007b4f80000)
  from space 78848K, 38% used [0x00000007b4f80000,0x00000007b6cd4010,0x00000007b9c80000)
  to   space 75264K, 0% used [0x00000007baa00000,0x00000007baa00000,0x00000007bf380000)
 ParOldGen       total 655360K, used 235696K [0x0000000649000000, 0x0000000671000000, 0x0000000743000000)
  object space 655360K, 35% used [0x0000000649000000,0x000000065762c1b0,0x0000000671000000)
 Metaspace       used 59396K, capacity 120222K, committed 120448K, reserved 1099776K
  class space    used 13140K, capacity 70744K, committed 70784K, reserved 1048576K
}
Event: 110,305 GC heap before
{Heap before GC invocations=33 (full 5):
 PSYoungGen      total 1946112K, used 1849116K [0x0000000743000000, 0x00000007bf380000, 0x00000007c0000000)
  eden space 1867264K, 97% used [0x0000000743000000,0x00000007b2073080,0x00000007b4f80000)
  from space 78848K, 38% used [0x00000007b4f80000,0x00000007b6cd4010,0x00000007b9c80000)
  to   space 75264K, 0% used [0x00000007baa00000,0x00000007baa00000,0x00000007bf380000)
 ParOldGen       total 655360K, used 235696K [0x0000000649000000, 0x0000000671000000, 0x0000000743000000)
  object space 655360K, 35% used [0x0000000649000000,0x000000065762c1b0,0x0000000671000000)
 Metaspace       used 61284K, capacity 131134K, committed 131200K, reserved 1099776K
  class space    used 14304K, capacity 80504K, committed 80512K, reserved 1048576K
Event: 110,328 GC heap after
Heap after GC invocations=33 (full 5):
 PSYoungGen      total 1960960K, used 35536K [0x0000000743000000, 0x00000007bfa80000, 0x00000007c0000000)
  eden space 1885696K, 0% used [0x0000000743000000,0x0000000743000000,0x00000007b6180000)
  from space 75264K, 47% used [0x00000007baa00000,0x00000007bccb4010,0x00000007bf380000)
  to   space 74240K, 0% used [0x00000007b6180000,0x00000007b6180000,0x00000007baa00000)
 ParOldGen       total 655360K, used 235696K [0x0000000649000000, 0x0000000671000000, 0x0000000743000000)
  object space 655360K, 35% used [0x0000000649000000,0x000000065762c1b0,0x0000000671000000)
 Metaspace       used 61284K, capacity 131134K, committed 131200K, reserved 1099776K
  class space    used 14304K, capacity 80504K, committed 80512K, reserved 1048576K
}
Event: 110,328 GC heap before
{Heap before GC invocations=34 (full 6):
 PSYoungGen      total 1960960K, used 35536K [0x0000000743000000, 0x00000007bfa80000, 0x00000007c0000000)
  eden space 1885696K, 0% used [0x0000000743000000,0x0000000743000000,0x00000007b6180000)
  from space 75264K, 47% used [0x00000007baa00000,0x00000007bccb4010,0x00000007bf380000)
  to   space 74240K, 0% used [0x00000007b6180000,0x00000007b6180000,0x00000007baa00000)
 ParOldGen       total 655360K, used 235696K [0x0000000649000000, 0x0000000671000000, 0x0000000743000000)
  object space 655360K, 35% used [0x0000000649000000,0x000000065762c1b0,0x0000000671000000)
 Metaspace       used 61284K, capacity 131134K, committed 131200K, reserved 1099776K
  class space    used 14304K, capacity 80504K, committed 80512K, reserved 1048576K
Event: 110,703 GC heap after
Heap after GC invocations=34 (full 6):
 PSYoungGen      total 1960960K, used 0K [0x0000000743000000, 0x00000007bfa80000, 0x00000007c0000000)
  eden space 1885696K, 0% used [0x0000000743000000,0x0000000743000000,0x00000007b6180000)
  from space 75264K, 0% used [0x00000007baa00000,0x00000007baa00000,0x00000007bf380000)
  to   space 74240K, 0% used [0x00000007b6180000,0x00000007b6180000,0x00000007baa00000)
 ParOldGen       total 757760K, used 263238K [0x0000000649000000, 0x0000000677400000, 0x0000000743000000)
  object space 757760K, 34% used [0x0000000649000000,0x0000000659111a30,0x0000000677400000)
 Metaspace       used 47434K, capacity 51030K, committed 129152K, reserved 1097728K
  class space    used 5756K, capacity 8832K, committed 80512K, reserved 1048576K
}

Deoptimization events (10 events):
Event: 86,634 Thread 0x00007f3bbca64000 Uncommon trap: reason=unstable_if action=reinterpret pc=0x00007f3c4282a1c8 method=com.compomics.util.experiment.identification.spectrum_annotation.SpectrumAnnotator.matchInSpectrum(Lcom/compomics/util/experiment/biology/Ion;I)Z @ 280
Event: 88,075 Thread 0x00007f3bbca5a800 Uncommon trap: reason=unstable_if action=reinterpret pc=0x00007f3c42833b08 method=java.lang.Double.equals(Ljava/lang/Object;)Z @ 25
Event: 88,201 Thread 0x00007f3bbca58800 Uncommon trap: reason=unstable_if action=reinterpret pc=0x00007f3c424215bc method=sun.misc.FloatingDecimal$BinaryToASCIIBuffer.dtoa(IJIZ)V @ 111
Event: 89,697 Thread 0x00007f3bbca5a800 Uncommon trap: reason=unstable_if action=reinterpret pc=0x00007f3c415b58cc method=java.util.ComparableTimSort.gallopLeft(Ljava/lang/Comparable;[Ljava/lang/Object;III)I @ 192
Event: 90,617 Thread 0x00007f3bbca64000 Uncommon trap: reason=unstable_if action=reinterpret pc=0x00007f3c42f5170c method=com.compomics.util.experiment.identification.protein_inference.fm_index.FMIndex.getProteinMapping(Lcom/compomics/util/experiment/identification/amino_acid_tags/Tag;Lcom/comp
Event: 90,666 Thread 0x00007f3bbca64000 Uncommon trap: reason=unstable_if action=reinterpret pc=0x00007f3c42ca184c method=com.compomics.util.experiment.identification.protein_inference.fm_index.FMIndex.getProteinMapping(Lcom/compomics/util/experiment/identification/amino_acid_tags/Tag;Lcom/comp
Event: 98,019 Thread 0x00007f3bbca58800 Uncommon trap: reason=unstable_if action=reinterpret pc=0x00007f3c428df794 method=sun.misc.FloatingDecimal$BinaryToASCIIBuffer.dtoa(IJIZ)V @ 978
Event: 99,818 Thread 0x00007f3bbca64000 Uncommon trap: reason=unstable_if action=reinterpret pc=0x00007f3c42555054 method=com.compomics.util.experiment.identification.spectrum_annotation.SpectrumAnnotator.isAccounted(Lcom/compomics/util/experiment/identification/spectrum_annotation/NeutralLosse
Event: 104,835 Thread 0x00007f3bbca64000 Uncommon trap: reason=unstable_if action=reinterpret pc=0x00007f3c4238354c method=org.apache.derby.impl.sql.compile.FromBaseTable.nextAccessPath(Lorg/apache/derby/iapi/sql/compile/Optimizer;Lorg/apache/derby/iapi/sql/compile/OptimizablePredicateList;Lorg/
Event: 105,193 Thread 0x00007f3bbca64000 Uncommon trap: reason=unstable_if action=reinterpret pc=0x00007f3c4250a23c method=com.compomics.util.experiment.identification.protein_inference.fm_index.FMIndex.binarySearch([II)I @ 46

Internal exceptions (10 events):
Event: 72,536 Thread 0x00007f3be03d8000 Implicit null exception at 0x00007f3c4121aa4c to 0x00007f3c4121aa95
Event: 74,748 Thread 0x00007f3be03d8000 Exception <a 'java/lang/NoSuchMethodError': <clinit>> (0x0000000755e43d00) thrown at [/HUDSON/workspace/8-2-build-linux-amd64/jdk8u91/6644/hotspot/src/share/vm/prims/jni.cpp, line 1613]
Event: 74,760 Thread 0x00007f3be03d8000 Exception <a 'java/lang/NoSuchMethodError': <clinit>> (0x0000000755e859c8) thrown at [/HUDSON/workspace/8-2-build-linux-amd64/jdk8u91/6644/hotspot/src/share/vm/prims/jni.cpp, line 1613]
Event: 74,760 Thread 0x00007f3be03d8000 Exception <a 'java/lang/NoSuchMethodError': <clinit>> (0x0000000755e8eef0) thrown at [/HUDSON/workspace/8-2-build-linux-amd64/jdk8u91/6644/hotspot/src/share/vm/prims/jni.cpp, line 1613]
Event: 74,761 Thread 0x00007f3be03d8000 Exception <a 'java/lang/NoSuchMethodError': <clinit>> (0x0000000755e8fbd8) thrown at [/HUDSON/workspace/8-2-build-linux-amd64/jdk8u91/6644/hotspot/src/share/vm/prims/jni.cpp, line 1613]
Event: 74,764 Thread 0x00007f3be03d8000 Exception <a 'java/lang/NoSuchMethodError': <clinit>> (0x0000000755eba378) thrown at [/HUDSON/workspace/8-2-build-linux-amd64/jdk8u91/6644/hotspot/src/share/vm/prims/jni.cpp, line 1613]
Event: 74,771 Thread 0x00007f3be03d8000 Exception <a 'java/lang/NoSuchMethodError': <clinit>> (0x0000000755ec7640) thrown at [/HUDSON/workspace/8-2-build-linux-amd64/jdk8u91/6644/hotspot/src/share/vm/prims/jni.cpp, line 1613]
Event: 74,772 Thread 0x00007f3be03d8000 Exception <a 'java/lang/NoSuchMethodError': <clinit>> (0x0000000755ed8c48) thrown at [/HUDSON/workspace/8-2-build-linux-amd64/jdk8u91/6644/hotspot/src/share/vm/prims/jni.cpp, line 1613]
Event: 74,772 Thread 0x00007f3be03d8000 Exception <a 'java/lang/NoSuchMethodError': <clinit>> (0x0000000755ee48a0) thrown at [/HUDSON/workspace/8-2-build-linux-amd64/jdk8u91/6644/hotspot/src/share/vm/prims/jni.cpp, line 1613]
Event: 75,599 Thread 0x00007f3be03d8000 Exception <a 'java/lang/NoSuchMethodError': <clinit>> (0x0000000767e7d7e8) thrown at [/HUDSON/workspace/8-2-build-linux-amd64/jdk8u91/6644/hotspot/src/share/vm/prims/jni.cpp, line 1613]

Events (10 events):
Event: 110,303 Executing VM operation: GetAllStackTraces
Event: 110,303 Executing VM operation: GetAllStackTraces done
Event: 110,303 Executing VM operation: GetAllStackTraces
Event: 110,304 Executing VM operation: GetAllStackTraces done
Event: 110,305 Executing VM operation: GetAllStackTraces
Event: 110,305 Executing VM operation: GetAllStackTraces done
Event: 110,305 Executing VM operation: GetAllStackTraces
Event: 110,305 Executing VM operation: GetAllStackTraces done
Event: 110,305 Executing VM operation: CollectForMetadataAllocation
Event: 110,703 Executing VM operation: CollectForMetadataAllocation done


Dynamic libraries:
00400000-00401000 r-xp 00000000 08:02 9311535                            /usr/lib/jvm/java-8-oracle/bin/java
00600000-00601000 rw-p 00000000 08:02 9311535                            /usr/lib/jvm/java-8-oracle/bin/java
00aae000-00edf000 rw-p 00000000 00:00 0                                  [heap]
649000000-677400000 rw-p 00000000 00:00 0 
677400000-743000000 ---p 00000000 00:00 0 
743000000-7bfa80000 rw-p 00000000 00:00 0 
7bfa80000-7c0000000 ---p 00000000 00:00 0 
7c0000000-7c4ea0000 rw-p 00000000 00:00 0 
7c4ea0000-800000000 ---p 00000000 00:00 0 
7f3bb0000000-7f3bb043f000 rw-p 00000000 00:00 0 
7f3bb043f000-7f3bb4000000 ---p 00000000 00:00 0 
7f3bb4000000-7f3bb4807000 rw-p 00000000 00:00 0 
7f3bb4807000-7f3bb8000000 ---p 00000000 00:00 0 
7f3bb8000000-7f3bb806f000 rw-p 00000000 00:00 0 
7f3bb806f000-7f3bbc000000 ---p 00000000 00:00 0 
7f3bbc000000-7f3bbcac6000 rw-p 00000000 00:00 0 
7f3bbcac6000-7f3bc0000000 ---p 00000000 00:00 0 
7f3bc0000000-7f3bc0021000 rw-p 00000000 00:00 0 
7f3bc0021000-7f3bc4000000 ---p 00000000 00:00 0 
7f3bc4000000-7f3bc4021000 rw-p 00000000 00:00 0 
7f3bc4021000-7f3bc8000000 ---p 00000000 00:00 0 
7f3bc8000000-7f3bc828d000 rw-p 00000000 00:00 0 
7f3bc828d000-7f3bcc000000 ---p 00000000 00:00 0 
7f3bcc000000-7f3bcc021000 rw-p 00000000 00:00 0 
7f3bcc021000-7f3bd0000000 ---p 00000000 00:00 0 
7f3bd0000000-7f3bd0174000 rw-p 00000000 00:00 0 
7f3bd0174000-7f3bd4000000 ---p 00000000 00:00 0 
7f3bd4000000-7f3bd408e000 rw-p 00000000 00:00 0 
7f3bd408e000-7f3bd8000000 ---p 00000000 00:00 0 
7f3bd8000000-7f3bd8021000 rw-p 00000000 00:00 0 
7f3bd8021000-7f3bdc000000 ---p 00000000 00:00 0 
7f3bdc000000-7f3bdc021000 rw-p 00000000 00:00 0 
7f3bdc021000-7f3be0000000 ---p 00000000 00:00 0 
7f3be0000000-7f3be0414000 rw-p 00000000 00:00 0 
7f3be0414000-7f3be4000000 ---p 00000000 00:00 0 
7f3be4000000-7f3be40dc000 rw-p 00000000 00:00 0 
7f3be40dc000-7f3be8000000 ---p 00000000 00:00 0 
7f3be8000000-7f3be8033000 rw-p 00000000 00:00 0 
7f3be8033000-7f3bec000000 ---p 00000000 00:00 0 
7f3bec000000-7f3bec021000 rw-p 00000000 00:00 0 
7f3bec021000-7f3bf0000000 ---p 00000000 00:00 0 
7f3bf0000000-7f3bf0021000 rw-p 00000000 00:00 0 
7f3bf0021000-7f3bf4000000 ---p 00000000 00:00 0 
7f3bf4000000-7f3bf4021000 rw-p 00000000 00:00 0 
7f3bf4021000-7f3bf8000000 ---p 00000000 00:00 0 
7f3bf8000000-7f3bf99ac000 rw-p 00000000 00:00 0 
7f3bf99ac000-7f3bfc000000 ---p 00000000 00:00 0 
7f3bfc000000-7f3bfc021000 rw-p 00000000 00:00 0 
7f3bfc021000-7f3c00000000 ---p 00000000 00:00 0 
7f3c00000000-7f3c01aa2000 rw-p 00000000 00:00 0 
7f3c01aa2000-7f3c04000000 ---p 00000000 00:00 0 
7f3c04000000-7f3c05e62000 rw-p 00000000 00:00 0 
7f3c05e62000-7f3c08000000 ---p 00000000 00:00 0 
7f3c08000000-7f3c08021000 rw-p 00000000 00:00 0 
7f3c08021000-7f3c0c000000 ---p 00000000 00:00 0 
7f3c0c000000-7f3c0c021000 rw-p 00000000 00:00 0 
7f3c0c021000-7f3c10000000 ---p 00000000 00:00 0 
7f3c10000000-7f3c10021000 rw-p 00000000 00:00 0 
7f3c10021000-7f3c14000000 ---p 00000000 00:00 0 
7f3c14480000-7f3c20000000 rw-p 00000000 00:00 0 
7f3c20000000-7f3c20024000 rw-p 00000000 00:00 0 
7f3c20024000-7f3c24000000 ---p 00000000 00:00 0 
7f3c24000000-7f3c2602c000 rw-p 00000000 00:00 0 
7f3c2602c000-7f3c28000000 ---p 00000000 00:00 0 
7f3c28000000-7f3c28021000 rw-p 00000000 00:00 0 
7f3c28021000-7f3c2c000000 ---p 00000000 00:00 0 
7f3c2dcfa000-7f3c2de7a000 rw-p 00000000 00:00 0 
7f3c2de7a000-7f3c2defa000 ---p 00000000 00:00 0 
7f3c2e0fa000-7f3c2e2fa000 rw-p 00000000 00:00 0 
7f3c2e2fa000-7f3c2e4fa000 rw-p 00000000 00:00 0 
7f3c2e4fa000-7f3c2e6fa000 rw-p 00000000 00:00 0 
7f3c2e6fa000-7f3c2e6fd000 ---p 00000000 00:00 0 
7f3c2e6fd000-7f3c2e7fb000 rw-p 00000000 00:00 0                          [stack:3464]
7f3c2e7fb000-7f3c2e7fe000 ---p 00000000 00:00 0 
7f3c2e7fe000-7f3c2e8fc000 rw-p 00000000 00:00 0                          [stack:3463]
7f3c2e8fc000-7f3c2e8ff000 ---p 00000000 00:00 0 
7f3c2e8ff000-7f3c2e9fd000 rw-p 00000000 00:00 0                          [stack:3462]
7f3c2e9fd000-7f3c2ea00000 ---p 00000000 00:00 0 
7f3c2ea00000-7f3c2ecfe000 rw-p 00000000 00:00 0                          [stack:3461]
7f3c2ecfe000-7f3c2eefe000 rw-p 00000000 00:00 0 
7f3c2eefe000-7f3c2f0fe000 rw-p 00000000 00:00 0 
7f3c2f0fe000-7f3c2f2fe000 rw-p 00000000 00:00 0 
7f3c2f2fe000-7f3c2f3d7000 r-xp 00000000 08:02 9311243                    /usr/lib/jvm/java-8-oracle/jre/lib/amd64/libmlib_image.so
7f3c2f3d7000-7f3c2f5d7000 ---p 000d9000 08:02 9311243                    /usr/lib/jvm/java-8-oracle/jre/lib/amd64/libmlib_image.so
7f3c2f5d7000-7f3c2f5d8000 rw-p 000d9000 08:02 9311243                    /usr/lib/jvm/java-8-oracle/jre/lib/amd64/libmlib_image.so
7f3c2f5d8000-7f3c2f7d8000 rw-p 00000000 00:00 0 
7f3c2f7d8000-7f3c2f7db000 ---p 00000000 00:00 0 
7f3c2f7db000-7f3c2f8d9000 rw-p 00000000 00:00 0                          [stack:3450]
7f3c2f8d9000-7f3c2f8dc000 ---p 00000000 00:00 0 
7f3c2f8dc000-7f3c2fbda000 rw-p 00000000 00:00 0                          [stack:3451]
7f3c2fbda000-7f3c2fbdd000 ---p 00000000 00:00 0 
7f3c2fbdd000-7f3c2fcdb000 rw-p 00000000 00:00 0                          [stack:3423]
7f3c2fcdb000-7f3c2fe00000 rw-s 00000000 08:02 134032                     /tmp/jfluidbuf5267136841040097015.tmp
7f3c2fe00000-7f3c30000000 rw-p 00000000 00:00 0 
7f3c30000000-7f3c30021000 rw-p 00000000 00:00 0 
7f3c30021000-7f3c34000000 ---p 00000000 00:00 0 
7f3c34058000-7f3c3405d000 rw-s 00000000 00:05 316964902                  /SYSV00000000 (deleted)
7f3c3405d000-7f3c34060000 ---p 00000000 00:00 0 
7f3c34060000-7f3c34096000 rw-p 00000000 00:00 0 
7f3c34096000-7f3c340b2000 r--s 00393000 08:02 9307386                    /usr/lib/jvm/java-8-oracle/jre/lib/ext/cldrdata.jar
7f3c340b2000-7f3c340bb000 r-xp 00000000 08:02 9311253                    /usr/lib/jvm/java-8-oracle/jre/lib/amd64/libmanagement.so
7f3c340bb000-7f3c342ba000 ---p 00009000 08:02 9311253                    /usr/lib/jvm/java-8-oracle/jre/lib/amd64/libmanagement.so
7f3c342ba000-7f3c342bb000 rw-p 00008000 08:02 9311253                    /usr/lib/jvm/java-8-oracle/jre/lib/amd64/libmanagement.so
7f3c342bb000-7f3c342be000 ---p 00000000 00:00 0 
7f3c342be000-7f3c343bc000 rw-p 00000000 00:00 0                          [stack:3418]
7f3c343bc000-7f3c343bf000 ---p 00000000 00:00 0 
7f3c343bf000-7f3c344bd000 rw-p 00000000 00:00 0                          [stack:3417]
7f3c344bd000-7f3c344c0000 ---p 00000000 00:00 0 
7f3c344c0000-7f3c345be000 rw-p 00000000 00:00 0                          [stack:3414]
7f3c345be000-7f3c345c1000 ---p 00000000 00:00 0 
7f3c345c1000-7f3c346bf000 rw-p 00000000 00:00 0                          [stack:3452]
7f3c346bf000-7f3c346c8000 r-xp 00000000 08:02 2362865                    /home/dominik.kopczynski/netbeans-8.1/profiler/lib/deployed/jdk16/linux-amd64/libprofilerinterface.so
7f3c346c8000-7f3c347c8000 ---p 00009000 08:02 2362865                    /home/dominik.kopczynski/netbeans-8.1/profiler/lib/deployed/jdk16/linux-amd64/libprofilerinterface.so
7f3c347c8000-7f3c347c9000 rw-p 00009000 08:02 2362865                    /home/dominik.kopczynski/netbeans-8.1/profiler/lib/deployed/jdk16/linux-amd64/libprofilerinterface.so
7f3c347c9000-7f3c347d3000 r-xp 00000000 08:02 9311064                    /usr/lib/jvm/java-8-oracle/jre/lib/amd64/libinstrument.so
7f3c347d3000-7f3c349d2000 ---p 0000a000 08:02 9311064                    /usr/lib/jvm/java-8-oracle/jre/lib/amd64/libinstrument.so
7f3c349d2000-7f3c349d3000 rw-p 00009000 08:02 9311064                    /usr/lib/jvm/java-8-oracle/jre/lib/amd64/libinstrument.so
7f3c349d3000-7f3c349d6000 ---p 00000000 00:00 0 
7f3c349d6000-7f3c34cd4000 rw-p 00000000 00:00 0                          [stack:3409]
7f3c34ce3000-7f3c34ce7000 r--s 00065000 08:02 2362964                    /home/dominik.kopczynski/netbeans-8.1/profiler/lib/jfluid-server.jar
7f3c34ce7000-7f3c34d11000 r-xp 00000000 08:02 9311063                    /usr/lib/jvm/java-8-oracle/jre/lib/amd64/libdcpr.so
7f3c34d11000-7f3c34f11000 ---p 0002a000 08:02 9311063                    /usr/lib/jvm/java-8-oracle/jre/lib/amd64/libdcpr.so
7f3c34f11000-7f3c34f14000 rw-p 0002a000 08:02 9311063                    /usr/lib/jvm/java-8-oracle/jre/lib/amd64/libdcpr.so
7f3c34f14000-7f3c34f17000 ---p 00000000 00:00 0 
7f3c34f17000-7f3c35215000 rw-p 00000000 00:00 0                          [stack:3408]
7f3c35215000-7f3c35218000 r--s 0001a000 08:02 9310746                    /usr/lib/jvm/java-8-oracle/jre/lib/jce.jar
7f3c35218000-7f3c35418000 rw-p 00000000 00:00 0 
7f3c35418000-7f3c35420000 r--s 00048000 08:02 13636780                   /home/dominik.kopczynski/.m2/repository/net/sf/jung/jung-visualization/2.0.1/jung-visualization-2.0.1.jar
7f3c35420000-7f3c35427000 r--s 00028000 08:02 13108263                   /home/dominik.kopczynski/.m2/repository/concurrent/concurrent/1.3.4/concurrent-1.3.4.jar
7f3c35427000-7f3c35435000 r--s 00081000 08:02 13108113                   /home/dominik.kopczynski/.m2/repository/colt/colt/1.2.0/colt-1.2.0.jar
7f3c35435000-7f3c3543a000 r--s 00034000 08:02 12978821                   /home/dominik.kopczynski/.m2/repository/net/sf/jung/jung-algorithms/2.0.1/jung-algorithms-2.0.1.jar
7f3c3543a000-7f3c35446000 r--s 00076000 08:02 12849818                   /home/dominik.kopczynski/.m2/repository/net/sourceforge/collections/collections-generic/4.01/collections-generic-4.01.jar
7f3c35446000-7f3c35449000 r--s 00008000 08:02 13636773                   /home/dominik.kopczynski/.m2/repository/net/sf/jung/jung-api/2.0.1/jung-api-2.0.1.jar
7f3c35449000-7f3c3544b000 r--s 0000e000 08:02 13636766                   /home/dominik.kopczynski/.m2/repository/net/sf/jung/jung-graph-impl/2.0.1/jung-graph-impl-2.0.1.jar
7f3c3544b000-7f3c3544f000 r--s 00035000 08:02 13637069                   /home/dominik.kopczynski/.m2/repository/org/codehaus/jackson/jackson-core-asl/1.9.13/jackson-core-asl-1.9.13.jar
7f3c3544f000-7f3c3545d000 r--s 000b1000 08:02 13637059                   /home/dominik.kopczynski/.m2/repository/org/codehaus/jackson/jackson-mapper-asl/1.9.13/jackson-mapper-asl-1.9.13.jar
7f3c3545d000-7f3c35463000 r--s 0003f000 08:02 13637159                   /home/dominik.kopczynski/.m2/repository/org/apache/httpcomponents/httpcore/4.3.2/httpcore-4.3.2.jar
7f3c35463000-7f3c3546e000 r--s 00085000 08:02 13637130                   /home/dominik.kopczynski/.m2/repository/org/apache/httpcomponents/httpclient/4.3.3/httpclient-4.3.3.jar
7f3c3546e000-7f3c3547d000 r--s 00095000 08:02 13370237                   /home/dominik.kopczynski/.m2/repository/org/springframework/spring-web/4.0.4.RELEASE/spring-web-4.0.4.RELEASE.jar
7f3c3547d000-7f3c35490000 r--s 000db000 08:02 13370202                   /home/dominik.kopczynski/.m2/repository/org/springframework/spring-core/4.0.4.RELEASE/spring-core-4.0.4.RELEASE.jar
7f3c35490000-7f3c35499000 r--s 0004e000 08:02 13370223                   /home/dominik.kopczynski/.m2/repository/org/springframework/spring-aop/4.0.4.RELEASE/spring-aop-4.0.4.RELEASE.jar
7f3c35499000-7f3c354b0000 r--s 000d8000 08:02 13370216                   /home/dominik.kopczynski/.m2/repository/org/springframework/spring-context/4.0.4.RELEASE/spring-context-4.0.4.RELEASE.jar
7f3c354b0000-7f3c354bc000 r--s 00098000 08:02 13370209                   /home/dominik.kopczynski/.m2/repository/org/springframework/spring-beans/4.0.4.RELEASE/spring-beans-4.0.4.RELEASE.jar
7f3c354bc000-7f3c356bc000 rw-p 00000000 00:00 0 
7f3c356bc000-7f3c356bf000 ---p 00000000 00:00 0 
7f3c356bf000-7f3c359bd000 rw-p 00000000 00:00 0                          [stack:3412]
7f3c359bd000-7f3c35bbd000 rw-p 00000000 00:00 0 
7f3c35bbd000-7f3c35bc0000 ---p 00000000 00:00 0 
7f3c35bc0000-7f3c35cbe000 rw-p 00000000 00:00 0                          [stack:3406]
7f3c35cbe000-7f3c35d27000 r-xp 00000000 08:02 9310762                    /usr/lib/jvm/java-8-oracle/jre/lib/amd64/libt2k.so
7f3c35d27000-7f3c35f27000 ---p 00069000 08:02 9310762                    /usr/lib/jvm/java-8-oracle/jre/lib/amd64/libt2k.so
7f3c35f27000-7f3c35f2e000 rw-p 00069000 08:02 9310762                    /usr/lib/jvm/java-8-oracle/jre/lib/amd64/libt2k.so
7f3c35f2e000-7f3c35f3e000 rw-p 00000000 00:00 0 
7f3c35f3e000-7f3c35f4c000 r--s 00000000 08:02 4989740                    /var/cache/fontconfig/6aa41aa22e18b8fa06a12da28ea9c28b-le64.cache-4
7f3c35f4c000-7f3c35f4d000 r--s 00000000 08:02 4981022                    /var/cache/fontconfig/c05880de57d1f5e948fdfacc138775d9-le64.cache-4
7f3c35f4d000-7f3c35f58000 r--s 00000000 08:02 4981016                    /var/cache/fontconfig/945677eb7aeaf62f1d50efc3fb3ec7d8-le64.cache-4
7f3c35f58000-7f3c35f5e000 r--s 00000000 08:02 4981000                    /var/cache/fontconfig/2cd17615ca594fa2959ae173292e504c-le64.cache-4
7f3c35f5e000-7f3c35f5f000 r--s 00000000 08:02 4981032                    /var/cache/fontconfig/e7071f4a29fa870f4323321c154eba04-le64.cache-4
7f3c35f5f000-7f3c35f60000 r--s 00000000 08:02 4980997                    /var/cache/fontconfig/0d8c3b2ac0904cb8a57a757ad11a4a08-le64.cache-4
7f3c35f60000-7f3c35f67000 r--s 00000000 08:02 4981019                    /var/cache/fontconfig/a755afe4a08bf5b97852ceb7400b47bc-le64.cache-4
7f3c35f67000-7f3c35f6b000 r--s 00000000 08:02 4981011                    /var/cache/fontconfig/6d41288fd70b0be22e8c3a91e032eec0-le64.cache-4
7f3c35f6b000-7f3c35f7f000 r--s 00000000 08:02 4980995                    /var/cache/fontconfig/04aabc0a78ac019cf9454389977116d2-le64.cache-4
7f3c35f7f000-7f3c35f80000 r--s 00000000 08:02 4980999                    /var/cache/fontconfig/1ac9eb803944fde146138c791f5cc56a-le64.cache-4
7f3c35f80000-7f3c35f84000 r--s 00000000 08:02 4981004                    /var/cache/fontconfig/385c0604a188198f04d133e54aba7fe7-le64.cache-4
7f3c35f84000-7f3c35f85000 r--s 00000000 08:02 4981029                    /var/cache/fontconfig/dc05db6664285cc2f12bf69c139ae4c3-le64.cache-4
7f3c35f85000-7f3c35f87000 r--s 00000000 08:02 4981013                    /var/cache/fontconfig/767a8244fc0220cfb567a839d0392e0b-le64.cache-4
7f3c35f87000-7f3c35f89000 r--s 00000000 08:02 4981001                    /var/cache/fontconfig/2fe16cf53f8bd2da9ea33d9eb6e69eee-le64.cache-4
7f3c35f89000-7f3c35f8a000 r--s 00000000 08:02 4989711                    /var/cache/fontconfig/4794a0821666d79190d59a36cb4f44b5-le64.cache-4
7f3c35f8a000-7f3c35f8f000 r--s 00000000 08:02 4981015                    /var/cache/fontconfig/8801497958630a81b71ace7c5f9b32a8-le64.cache-4
7f3c35f8f000-7f3c35f96000 r--s 00000000 08:02 4981002                    /var/cache/fontconfig/3047814df9a2f067bd2d96a2b9c36e5a-le64.cache-4
7f3c35f96000-7f3c35f97000 r--s 00000000 08:02 4981008                    /var/cache/fontconfig/56cf4f4769d0f4abc89a4895d7bd3ae1-le64.cache-4
7f3c35f97000-7f3c35f98000 r--s 00000000 08:02 4981021                    /var/cache/fontconfig/b9d506c9ac06c20b433354fa67a72993-le64.cache-4
7f3c35f98000-7f3c35f9e000 r--s 00000000 08:02 4981020                    /var/cache/fontconfig/b47c4e1ecd0709278f4910c18777a504-le64.cache-4
7f3c35f9e000-7f3c35fb1000 r--s 00000000 08:02 4981026                    /var/cache/fontconfig/d52a8644073d54c13679302ca1180695-le64.cache-4
7f3c35fb1000-7f3c35fba000 r--s 00000000 08:02 4981005                    /var/cache/fontconfig/3f7329c5293ffd510edef78f73874cfd-le64.cache-4
7f3c35fba000-7f3c35fc5000 r--s 00000000 08:02 4981027                    /var/cache/fontconfig/d589a48862398ed80a3d6066f4f56f4c-le64.cache-4
7f3c35fc5000-7f3c35fc6000 r--s 00000000 08:02 4980996                    /var/cache/fontconfig/0c9eb80ebd1c36541ebe2852d3bb0c49-le64.cache-4
7f3c35fc6000-7f3c35fe7000 r--s 00000000 08:02 4989738                    /var/cache/fontconfig/e13b20fdb08344e0e664864cc2ede53d-le64.cache-4
7f3c35fe7000-7f3c35fe8000 r--s 00000000 08:02 11277742                   /home/dominik.kopczynski/.cache/fontconfig/0c58874fb3427402ca052c467f5c7ef4-le64.cache-4
7f3c35fe8000-7f3c35fea000 r--s 00000000 08:02 4986701                    /var/cache/fontconfig/04e6febddc5a474cc90c0cdd4968de8a-le64.cache-4
7f3c35fea000-7f3c35fec000 r--s 00000000 08:02 4986285                    /var/cache/fontconfig/6cbc3842be4e1cc07a4cb86bf80f9309-le64.cache-4
7f3c35fec000-7f3c35ff0000 r--s 00000000 08:02 4981014                    /var/cache/fontconfig/7ef2298fde41cc6eeb7af42e48b7d293-le64.cache-4
7f3c35ff0000-7f3c35ffd000 r--s 00000000 08:02 4981669                    /var/cache/fontconfig/8f02d4cb045bd6ce15663e43f347c9f8-le64.cache-4
7f3c35ffd000-7f3c35ffe000 rw-p 00000000 00:00 0 
7f3c35ffe000-7f3c36003000 r--s 0002e000 08:02 13370244                   /home/dominik.kopczynski/.m2/repository/org/springframework/spring-expression/4.0.4.RELEASE/spring-expression-4.0.4.RELEASE.jar
7f3c36003000-7f3c36023000 r--s 001a9000 08:02 13637289                   /home/dominik.kopczynski/.m2/repository/org/apache/poi/poi/3.9/poi-3.9.jar
7f3c36023000-7f3c36223000 rw-p 00000000 00:00 0 
7f3c36223000-7f3c36231000 r--s 00000000 08:02 4989740                    /var/cache/fontconfig/6aa41aa22e18b8fa06a12da28ea9c28b-le64.cache-4
7f3c36231000-7f3c36232000 r--s 00000000 08:02 4981022                    /var/cache/fontconfig/c05880de57d1f5e948fdfacc138775d9-le64.cache-4
7f3c36232000-7f3c3623d000 r--s 00000000 08:02 4981016                    /var/cache/fontconfig/945677eb7aeaf62f1d50efc3fb3ec7d8-le64.cache-4
7f3c3623d000-7f3c36243000 r--s 00000000 08:02 4981000                    /var/cache/fontconfig/2cd17615ca594fa2959ae173292e504c-le64.cache-4
7f3c36243000-7f3c36244000 r--s 00000000 08:02 4981032                    /var/cache/fontconfig/e7071f4a29fa870f4323321c154eba04-le64.cache-4
7f3c36244000-7f3c36245000 r--s 00000000 08:02 4980997                    /var/cache/fontconfig/0d8c3b2ac0904cb8a57a757ad11a4a08-le64.cache-4
7f3c36245000-7f3c3624c000 r--s 00000000 08:02 4981019                    /var/cache/fontconfig/a755afe4a08bf5b97852ceb7400b47bc-le64.cache-4
7f3c3624c000-7f3c36250000 r--s 00000000 08:02 4981011                    /var/cache/fontconfig/6d41288fd70b0be22e8c3a91e032eec0-le64.cache-4
7f3c36250000-7f3c36264000 r--s 00000000 08:02 4980995                    /var/cache/fontconfig/04aabc0a78ac019cf9454389977116d2-le64.cache-4
7f3c36264000-7f3c36265000 r--s 00000000 08:02 4980999                    /var/cache/fontconfig/1ac9eb803944fde146138c791f5cc56a-le64.cache-4
7f3c36265000-7f3c36269000 r--s 00000000 08:02 4981004                    /var/cache/fontconfig/385c0604a188198f04d133e54aba7fe7-le64.cache-4
7f3c36269000-7f3c3626a000 r--s 00000000 08:02 4981029                    /var/cache/fontconfig/dc05db6664285cc2f12bf69c139ae4c3-le64.cache-4
7f3c3626a000-7f3c3626c000 r--s 00000000 08:02 4981013                    /var/cache/fontconfig/767a8244fc0220cfb567a839d0392e0b-le64.cache-4
7f3c3626c000-7f3c3626e000 r--s 00000000 08:02 4981001                    /var/cache/fontconfig/2fe16cf53f8bd2da9ea33d9eb6e69eee-le64.cache-4
7f3c3626e000-7f3c3626f000 r--s 00000000 08:02 4989711                    /var/cache/fontconfig/4794a0821666d79190d59a36cb4f44b5-le64.cache-4
7f3c3626f000-7f3c36274000 r--s 00000000 08:02 4981015                    /var/cache/fontconfig/8801497958630a81b71ace7c5f9b32a8-le64.cache-4
7f3c36274000-7f3c3627b000 r--s 00000000 08:02 4981002                    /var/cache/fontconfig/3047814df9a2f067bd2d96a2b9c36e5a-le64.cache-4
7f3c3627b000-7f3c3627c000 r--s 00000000 08:02 4981008                    /var/cache/fontconfig/56cf4f4769d0f4abc89a4895d7bd3ae1-le64.cache-4
7f3c3627c000-7f3c3627d000 r--s 00000000 08:02 4981021                    /var/cache/fontconfig/b9d506c9ac06c20b433354fa67a72993-le64.cache-4
7f3c3627d000-7f3c36283000 r--s 00000000 08:02 4981020                    /var/cache/fontconfig/b47c4e1ecd0709278f4910c18777a504-le64.cache-4
7f3c36283000-7f3c36296000 r--s 00000000 08:02 4981026                    /var/cache/fontconfig/d52a8644073d54c13679302ca1180695-le64.cache-4
7f3c36296000-7f3c3629f000 r--s 00000000 08:02 4981005                    /var/cache/fontconfig/3f7329c5293ffd510edef78f73874cfd-le64.cache-4
7f3c3629f000-7f3c362a2000 r--s 00000000 08:02 4986284                    /var/cache/fontconfig/1bb779988dd113829cac3881d8b6fc0e-le64.cache-4
7f3c362a2000-7f3c362a4000 r--s 00000000 08:02 4981731                    /var/cache/fontconfig/16326683038b281783a0ef8c680e3a10-le64.cache-4
7f3c362a4000-7f3c362a5000 r--s 00005000 08:02 2362961                    /home/dominik.kopczynski/netbeans-8.1/profiler/lib/jfluid-server-15.jar
7f3c362a5000-7f3c362a6000 r--s 00006000 08:02 14293843                   /home/dominik.kopczynski/.m2/repository/uk/ac/ebi/pride/tools/xmlSchemaValidator/2.1/xmlSchemaValidator-2.1.jar
7f3c362a6000-7f3c362a8000 r--s 00000000 08:02 13108011                   /home/dominik.kopczynski/.m2/repository/aopalliance/aopalliance/1.0/aopalliance-1.0.jar
7f3c362a8000-7f3c362b4000 r--s 00096000 08:02 13370230                   /home/dominik.kopczynski/.m2/repository/org/springframework/spring-webmvc/4.0.4.RELEASE/spring-webmvc-4.0.4.RELEASE.jar
7f3c362b4000-7f3c362b7000 r--s 00007000 08:02 14025622                   /home/dominik.kopczynski/.m2/repository/com/fasterxml/jackson/core/jackson-annotations/2.4.0/jackson-annotations-2.4.0.jar
7f3c362b7000-7f3c362b8000 r--s 00001000 08:02 13241221                   /home/dominik.kopczynski/.m2/repository/com/wordnik/swagger-annotations/1.3.5/swagger-annotations-1.3.5.jar
7f3c362b8000-7f3c362bb000 r--s 00003000 08:02 14293836                   /home/dominik.kopczynski/.m2/repository/uk/ac/ebi/pride/archive/archive-data-provider-api/2.0.6/archive-data-provider-api-2.0.6.jar
7f3c362bb000-7f3c362bd000 r--s 00007000 08:02 14293825                   /home/dominik.kopczynski/.m2/repository/uk/ac/ebi/pride/archive/web-service-model/0.2.12/web-service-model-0.2.12.jar
7f3c362bd000-7f3c362c3000 r--s 00048000 08:02 13637186                   /home/dominik.kopczynski/.m2/repository/org/apache/commons/commons-lang3/3.1/commons-lang3-3.1.jar
7f3c362c3000-7f3c362d7000 r--s 00173000 08:02 13108086                   /home/dominik.kopczynski/.m2/repository/axis/axis/1.4/axis-1.4.jar
7f3c362d7000-7f3c362da000 ---p 00000000 00:00 0 
7f3c362da000-7f3c363d8000 rw-p 00000000 00:00 0                          [stack:3405]
7f3c363d8000-7f3c363e6000 r--s 00000000 08:02 4989740                    /var/cache/fontconfig/6aa41aa22e18b8fa06a12da28ea9c28b-le64.cache-4
7f3c363e6000-7f3c363e7000 r--s 00000000 08:02 4981022                    /var/cache/fontconfig/c05880de57d1f5e948fdfacc138775d9-le64.cache-4
7f3c363e7000-7f3c363f2000 r--s 00000000 08:02 4981016                    /var/cache/fontconfig/945677eb7aeaf62f1d50efc3fb3ec7d8-le64.cache-4
7f3c363f2000-7f3c363f8000 r--s 00000000 08:02 4981000                    /var/cache/fontconfig/2cd17615ca594fa2959ae173292e504c-le64.cache-4
7f3c363f8000-7f3c363f9000 r--s 00000000 08:02 4981032                    /var/cache/fontconfig/e7071f4a29fa870f4323321c154eba04-le64.cache-4
7f3c363f9000-7f3c363fa000 r--s 00000000 08:02 4980997                    /var/cache/fontconfig/0d8c3b2ac0904cb8a57a757ad11a4a08-le64.cache-4
7f3c363fa000-7f3c36401000 r--s 00000000 08:02 4981019                    /var/cache/fontconfig/a755afe4a08bf5b97852ceb7400b47bc-le64.cache-4
7f3c36401000-7f3c36405000 r--s 00000000 08:02 4981011                    /var/cache/fontconfig/6d41288fd70b0be22e8c3a91e032eec0-le64.cache-4
7f3c36405000-7f3c36419000 r--s 00000000 08:02 4980995                    /var/cache/fontconfig/04aabc0a78ac019cf9454389977116d2-le64.cache-4
7f3c36419000-7f3c3641a000 r--s 00000000 08:02 4980999                    /var/cache/fontconfig/1ac9eb803944fde146138c791f5cc56a-le64.cache-4
7f3c3641a000-7f3c3641e000 r--s 00000000 08:02 4981004                    /var/cache/fontconfig/385c0604a188198f04d133e54aba7fe7-le64.cache-4
7f3c3641e000-7f3c3641f000 r--s 00000000 08:02 4981029                    /var/cache/fontconfig/dc05db6664285cc2f12bf69c139ae4c3-le64.cache-4
7f3c3641f000-7f3c36421000 r--s 00000000 08:02 4981013                    /var/cache/fontconfig/767a8244fc0220cfb567a839d0392e0b-le64.cache-4
7f3c36421000-7f3c36423000 r--s 00000000 08:02 4981001                    /var/cache/fontconfig/2fe16cf53f8bd2da9ea33d9eb6e69eee-le64.cache-4
7f3c36423000-7f3c36424000 r--s 00000000 08:02 4989711                    /var/cache/fontconfig/4794a0821666d79190d59a36cb4f44b5-le64.cache-4
7f3c36424000-7f3c36429000 r--s 00000000 08:02 4981015                    /var/cache/fontconfig/8801497958630a81b71ace7c5f9b32a8-le64.cache-4
7f3c36429000-7f3c36430000 r--s 00000000 08:02 4981002                    /var/cache/fontconfig/3047814df9a2f067bd2d96a2b9c36e5a-le64.cache-4
7f3c36430000-7f3c36431000 r--s 00000000 08:02 4981008                    /var/cache/fontconfig/56cf4f4769d0f4abc89a4895d7bd3ae1-le64.cache-4
7f3c36431000-7f3c36432000 r--s 00000000 08:02 4981021                    /var/cache/fontconfig/b9d506c9ac06c20b433354fa67a72993-le64.cache-4
7f3c36432000-7f3c36438000 r--s 00000000 08:02 4981020                    /var/cache/fontconfig/b47c4e1ecd0709278f4910c18777a504-le64.cache-4
7f3c36438000-7f3c3644b000 r--s 00000000 08:02 4981026                    /var/cache/fontconfig/d52a8644073d54c13679302ca1180695-le64.cache-4
7f3c3644b000-7f3c36454000 r--s 00000000 08:02 4981005                    /var/cache/fontconfig/3f7329c5293ffd510edef78f73874cfd-le64.cache-4
7f3c36454000-7f3c3645f000 r--s 00000000 08:02 4981027                    /var/cache/fontconfig/d589a48862398ed80a3d6066f4f56f4c-le64.cache-4
7f3c3645f000-7f3c36460000 r--s 00000000 08:02 4980996                    /var/cache/fontconfig/0c9eb80ebd1c36541ebe2852d3bb0c49-le64.cache-4
7f3c36460000-7f3c36481000 r--s 00000000 08:02 4989738                    /var/cache/fontconfig/e13b20fdb08344e0e664864cc2ede53d-le64.cache-4
7f3c36481000-7f3c36482000 r--s 00000000 08:02 11277742                   /home/dominik.kopczynski/.cache/fontconfig/0c58874fb3427402ca052c467f5c7ef4-le64.cache-4
7f3c36482000-7f3c36484000 r--s 00000000 08:02 4986701                    /var/cache/fontconfig/04e6febddc5a474cc90c0cdd4968de8a-le64.cache-4
7f3c36484000-7f3c36486000 r--s 00000000 08:02 4986285                    /var/cache/fontconfig/6cbc3842be4e1cc07a4cb86bf80f9309-le64.cache-4
7f3c36486000-7f3c36489000 r--s 00000000 08:02 4986284                    /var/cache/fontconfig/1bb779988dd113829cac3881d8b6fc0e-le64.cache-4
7f3c36489000-7f3c3648d000 r--s 00000000 08:02 4981014                    /var/cache/fontconfig/7ef2298fde41cc6eeb7af42e48b7d293-le64.cache-4
7f3c3648d000-7f3c3648f000 r--s 00000000 08:02 4981731                    /var/cache/fontconfig/16326683038b281783a0ef8c680e3a10-le64.cache-4
7f3c3648f000-7f3c3649c000 r--s 00000000 08:02 4981669                    /var/cache/fontconfig/8f02d4cb045bd6ce15663e43f347c9f8-le64.cache-4
7f3c3649c000-7f3c3649f000 r--s 00016000 08:02 14030713                   /home/dominik.kopczynski/.m2/repository/uk/ac/ebi/pride/jaxb/pride-jaxb/1.0.9/pride-jaxb-1.0.9.jar
7f3c3649f000-7f3c364a1000 r--s 00020000 08:02 13241254                   /home/dominik.kopczynski/.m2/repository/net/jimmc/jshortcut/0.4-oberzalek/jshortcut-0.4-oberzalek.jar
7f3c364a1000-7f3c364a2000 r--s 00004000 08:02 13518309                   /home/dominik.kopczynski/.m2/repository/org/apache/axis/axis-saaj/1.4/axis-saaj-1.4.jar
7f3c364a2000-7f3c364a5000 r--s 0000f000 08:02 13108256                   /home/dominik.kopczynski/.m2/repository/commons-discovery/commons-discovery/0.2/commons-discovery-0.2.jar
7f3c364a5000-7f3c364a8000 r--s 0001c000 08:02 13108093                   /home/dominik.kopczynski/.m2/repository/axis/axis-wsdl4j/1.5.1/axis-wsdl4j-1.5.1.jar
7f3c364a8000-7f3c364aa000 r--s 00006000 08:02 13375819                   /home/dominik.kopczynski/.m2/repository/org/apache/axis/axis-jaxrpc/1.4/axis-jaxrpc-1.4.jar
7f3c364aa000-7f3c364ac000 r--s 00003000 08:02 14025666                   /home/dominik.kopczynski/.m2/repository/uk/ac/ebi/ols/ols-client/1.18/ols-client-1.18.jar
7f3c364ac000-7f3c364af000 r--s 00016000 08:02 12719583                   /home/dominik.kopczynski/.m2/repository/no/uib/ols-dialog/3.4.2/ols-dialog-3.4.2.jar
7f3c364af000-7f3c364c2000 r--s 000df000 08:02 13637244                   /home/dominik.kopczynski/.m2/repository/org/apache/commons/commons-math/2.2/commons-math-2.2.jar
7f3c364c2000-7f3c364ed000 r--s 00515000 08:02 12584988                   /home/dominik.kopczynski/.m2/repository/niklaas/jmol/12.0.43/jmol-12.0.43.jar
7f3c364ed000-7f3c364ef000 r--s 0000e000 08:02 13241239                   /home/dominik.kopczynski/.m2/repository/javax/activation/activation/1.1/activation-1.1.jar
7f3c364ef000-7f3c364f1000 r--s 0000a000 08:02 13108189                   /home/dominik.kopczynski/.m2/repository/commons-codec/commons-codec/1.3/commons-codec-1.3.jar
7f3c364f1000-7f3c364ff000 r--s 0007f000 08:02 13108158                   /home/dominik.kopczynski/.m2/repository/commons-collections/commons-collections/3.2.1/commons-collections-3.2.1.jar
7f3c364ff000-7f3c36501000 r--s 00004000 08:02 13636744                   /home/dominik.kopczynski/.m2/repository/javax/xml/stream/stax-api/1.0-2/stax-api-1.0-2.jar
7f3c36501000-7f3c36504000 r--s 00013000 08:02 13636759                   /home/dominik.kopczynski/.m2/repository/javax/xml/bind/jaxb-api/2.1/jaxb-api-2.1.jar
7f3c36504000-7f3c36516000 r--s 000bf000 08:02 14025611                   /home/dominik.kopczynski/.m2/repository/com/sun/xml/bind/jaxb-impl/2.1.7/jaxb-impl-2.1.7.jar
7f3c36516000-7f3c36551000 r--s 002c1000 08:02 14025645                   /home/dominik.kopczynski/.m2/repository/com/sun/xml/bind/jaxb-xjc/2.1.7/jaxb-xjc-2.1.7.jar
7f3c36551000-7f3c36552000 r--s 00002000 08:02 13370159                   /home/dominik.kopczynski/.m2/repository/org/slf4j/slf4j-log4j12/1.6.1/slf4j-log4j12-1.6.1.jar
7f3c36552000-7f3c36554000 r--s 00005000 08:02 13370147                   /home/dominik.kopczynski/.m2/repository/org/slf4j/slf4j-api/1.6.1/slf4j-api-1.6.1.jar
7f3c36554000-7f3c36559000 r--s 00025000 08:02 14025652                   /home/dominik.kopczynski/.m2/repository/uk/ac/ebi/jmzml/jmzml/1.6.8/jmzml-1.6.8.jar
7f3c36559000-7f3c3655c000 r--s 00024000 08:02 12721005                   /home/dominik.kopczynski/.m2/repository/no/uib/jsparklines/1.0.8/jsparklines-1.0.8.jar
7f3c3655c000-7f3c3656f000 r--s 00344000 08:02 9311324                    /usr/lib/jvm/java-8-oracle/jre/lib/resources.jar
7f3c3656f000-7f3c36579000 r--s 00116000 08:02 9307343                    /usr/lib/jvm/java-8-oracle/jre/lib/ext/localedata.jar
7f3c36579000-7f3c3657d000 r--s 00097000 08:02 9310754                    /usr/lib/jvm/java-8-oracle/jre/lib/jsse.jar
7f3c3657d000-7f3c3677d000 rw-p 00000000 00:00 0 
7f3c3677d000-7f3c3678e000 r-xp 00000000 08:02 9311062                    /usr/lib/jvm/java-8-oracle/jre/lib/amd64/libnio.so
7f3c3678e000-7f3c3698d000 ---p 00011000 08:02 9311062                    /usr/lib/jvm/java-8-oracle/jre/lib/amd64/libnio.so
7f3c3698d000-7f3c3698e000 rw-p 00010000 08:02 9311062                    /usr/lib/jvm/java-8-oracle/jre/lib/amd64/libnio.so
7f3c3698e000-7f3c369a4000 r-xp 00000000 08:02 9310777                    /usr/lib/jvm/java-8-oracle/jre/lib/amd64/libnet.so
7f3c369a4000-7f3c36ba4000 ---p 00016000 08:02 9310777                    /usr/lib/jvm/java-8-oracle/jre/lib/amd64/libnet.so
7f3c36ba4000-7f3c36ba5000 rw-p 00016000 08:02 9310777                    /usr/lib/jvm/java-8-oracle/jre/lib/amd64/libnet.so
7f3c36ba5000-7f3c36ba6000 r--s 00000000 08:02 11288232                   /home/dominik.kopczynski/.cache/fontconfig/400ba9f91c78069870bdf77ff71e3395-le64.cache-4
7f3c36ba6000-7f3c36ba7000 r--s 00000000 08:02 4981355                    /var/cache/fontconfig/e0aa53bcfa504e64f87823c16bc01eb6-le64.cache-4
7f3c36ba7000-7f3c36bc5000 r--s 00000000 08:02 4981336                    /var/cache/fontconfig/467c019e582ee353435ea5c21d137ef6-le64.cache-4
7f3c36bc5000-7f3c36bc6000 r--s 00000000 08:02 11277761                   /home/dominik.kopczynski/.cache/fontconfig/e67bebd7c3db996ad093fea956ef27cf-le64.cache-4
7f3c36bc6000-7f3c36bc7000 r--s 00000000 08:02 11288232                   /home/dominik.kopczynski/.cache/fontconfig/400ba9f91c78069870bdf77ff71e3395-le64.cache-4
7f3c36bc7000-7f3c36bc8000 r--s 00000000 08:02 4981355                    /var/cache/fontconfig/e0aa53bcfa504e64f87823c16bc01eb6-le64.cache-4
7f3c36bc8000-7f3c36be6000 r--s 00000000 08:02 4981336                    /var/cache/fontconfig/467c019e582ee353435ea5c21d137ef6-le64.cache-4
7f3c36be6000-7f3c36be7000 r--s 00000000 08:02 11277761                   /home/dominik.kopczynski/.cache/fontconfig/e67bebd7c3db996ad093fea956ef27cf-le64.cache-4
7f3c36be7000-7f3c36de7000 rw-p 00000000 00:00 0 
7f3c36de7000-7f3c36dea000 ---p 00000000 00:00 0 
7f3c36dea000-7f3c36ee8000 rw-p 00000000 00:00 0                          [stack:3404]
7f3c36ee8000-7f3c36eed000 r-xp 00000000 08:02 9314616                    /usr/lib/x86_64-linux-gnu/libXfixes.so.3.1.0
7f3c36eed000-7f3c370ec000 ---p 00005000 08:02 9314616                    /usr/lib/x86_64-linux-gnu/libXfixes.so.3.1.0
7f3c370ec000-7f3c370ed000 r--p 00004000 08:02 9314616                    /usr/lib/x86_64-linux-gnu/libXfixes.so.3.1.0
7f3c370ed000-7f3c370ee000 rw-p 00005000 08:02 9314616                    /usr/lib/x86_64-linux-gnu/libXfixes.so.3.1.0
7f3c370ee000-7f3c370f7000 r-xp 00000000 08:02 9314608                    /usr/lib/x86_64-linux-gnu/libXcursor.so.1.0.2
7f3c370f7000-7f3c372f6000 ---p 00009000 08:02 9314608                    /usr/lib/x86_64-linux-gnu/libXcursor.so.1.0.2
7f3c372f6000-7f3c372f7000 r--p 00008000 08:02 9314608                    /usr/lib/x86_64-linux-gnu/libXcursor.so.1.0.2
7f3c372f7000-7f3c372f8000 rw-p 00009000 08:02 9314608                    /usr/lib/x86_64-linux-gnu/libXcursor.so.1.0.2
7f3c372f8000-7f3c3730e000 r-xp 00000000 08:02 3674149                    /lib/x86_64-linux-gnu/libgcc_s.so.1
7f3c3730e000-7f3c3750d000 ---p 00016000 08:02 3674149                    /lib/x86_64-linux-gnu/libgcc_s.so.1
7f3c3750d000-7f3c3750e000 rw-p 00015000 08:02 3674149                    /lib/x86_64-linux-gnu/libgcc_s.so.1
7f3c3750e000-7f3c37573000 r-xp 00000000 08:02 9310778                    /usr/lib/jvm/java-8-oracle/jre/lib/amd64/libfontmanager.so
7f3c37573000-7f3c37772000 ---p 00065000 08:02 9310778                    /usr/lib/jvm/java-8-oracle/jre/lib/amd64/libfontmanager.so
7f3c37772000-7f3c37777000 rw-p 00064000 08:02 9310778                    /usr/lib/jvm/java-8-oracle/jre/lib/amd64/libfontmanager.so
7f3c37777000-7f3c37787000 rw-p 00000000 00:00 0 
7f3c37787000-7f3c37796000 r-xp 00000000 08:02 9314622                    /usr/lib/x86_64-linux-gnu/libXi.so.6.1.0
7f3c37796000-7f3c37995000 ---p 0000f000 08:02 9314622                    /usr/lib/x86_64-linux-gnu/libXi.so.6.1.0
7f3c37995000-7f3c37996000 r--p 0000e000 08:02 9314622                    /usr/lib/x86_64-linux-gnu/libXi.so.6.1.0
7f3c37996000-7f3c37997000 rw-p 0000f000 08:02 9314622                    /usr/lib/x86_64-linux-gnu/libXi.so.6.1.0
7f3c37997000-7f3c3799c000 r-xp 00000000 08:02 9314642                    /usr/lib/x86_64-linux-gnu/libXtst.so.6.1.0
7f3c3799c000-7f3c37b9b000 ---p 00005000 08:02 9314642                    /usr/lib/x86_64-linux-gnu/libXtst.so.6.1.0
7f3c37b9b000-7f3c37b9c000 r--p 00004000 08:02 9314642                    /usr/lib/x86_64-linux-gnu/libXtst.so.6.1.0
7f3c37b9c000-7f3c37b9d000 rw-p 00005000 08:02 9314642                    /usr/lib/x86_64-linux-gnu/libXtst.so.6.1.0
7f3c37b9d000-7f3c37ba6000 r-xp 00000000 08:02 9314636                    /usr/lib/x86_64-linux-gnu/libXrender.so.1.3.0
7f3c37ba6000-7f3c37da5000 ---p 00009000 08:02 9314636                    /usr/lib/x86_64-linux-gnu/libXrender.so.1.3.0
7f3c37da5000-7f3c37da6000 r--p 00008000 08:02 9314636                    /usr/lib/x86_64-linux-gnu/libXrender.so.1.3.0
7f3c37da6000-7f3c37da7000 rw-p 00009000 08:02 9314636                    /usr/lib/x86_64-linux-gnu/libXrender.so.1.3.0
7f3c37da7000-7f3c37dfb000 r-xp 00000000 08:02 9310781                    /usr/lib/jvm/java-8-oracle/jre/lib/amd64/libawt_xawt.so
7f3c37dfb000-7f3c37ffb000 ---p 00054000 08:02 9310781                    /usr/lib/jvm/java-8-oracle/jre/lib/amd64/libawt_xawt.so
7f3c37ffb000-7f3c37fff000 rw-p 00054000 08:02 9310781                    /usr/lib/jvm/java-8-oracle/jre/lib/amd64/libawt_xawt.so
7f3c37fff000-7f3c38000000 rw-p 00000000 00:00 0 
7f3c38000000-7f3c38021000 rw-p 00000000 00:00 0 
7f3c38021000-7f3c3c000000 ---p 00000000 00:00 0 
7f3c3c000000-7f3c3c00b000 r--s 00000000 08:02 4981027                    /var/cache/fontconfig/d589a48862398ed80a3d6066f4f56f4c-le64.cache-4
7f3c3c00b000-7f3c3c00c000 r--s 00000000 08:02 4980996                    /var/cache/fontconfig/0c9eb80ebd1c36541ebe2852d3bb0c49-le64.cache-4
7f3c3c00c000-7f3c3c02d000 r--s 00000000 08:02 4989738                    /var/cache/fontconfig/e13b20fdb08344e0e664864cc2ede53d-le64.cache-4
7f3c3c02d000-7f3c3c02e000 r--s 00000000 08:02 11277742                   /home/dominik.kopczynski/.cache/fontconfig/0c58874fb3427402ca052c467f5c7ef4-le64.cache-4
7f3c3c02e000-7f3c3c02f000 r--s 00000000 08:02 11288232                   /home/dominik.kopczynski/.cache/fontconfig/400ba9f91c78069870bdf77ff71e3395-le64.cache-4
7f3c3c02f000-7f3c3c031000 r--s 00000000 08:02 4986701                    /var/cache/fontconfig/04e6febddc5a474cc90c0cdd4968de8a-le64.cache-4
7f3c3c031000-7f3c3c033000 r--s 00000000 08:02 4986285                    /var/cache/fontconfig/6cbc3842be4e1cc07a4cb86bf80f9309-le64.cache-4
7f3c3c033000-7f3c3c036000 r--s 00000000 08:02 4986284                    /var/cache/fontconfig/1bb779988dd113829cac3881d8b6fc0e-le64.cache-4
7f3c3c036000-7f3c3c03a000 r--s 00000000 08:02 4981014                    /var/cache/fontconfig/7ef2298fde41cc6eeb7af42e48b7d293-le64.cache-4
7f3c3c03a000-7f3c3c03c000 r--s 00000000 08:02 4981731                    /var/cache/fontconfig/16326683038b281783a0ef8c680e3a10-le64.cache-4
7f3c3c03c000-7f3c3c049000 r--s 00000000 08:02 4981669                    /var/cache/fontconfig/8f02d4cb045bd6ce15663e43f347c9f8-le64.cache-4
7f3c3c049000-7f3c3c04a000 r--s 00000000 08:02 4981355                    /var/cache/fontconfig/e0aa53bcfa504e64f87823c16bc01eb6-le64.cache-4
7f3c3c04a000-7f3c3c068000 r--s 00000000 08:02 4981336                    /var/cache/fontconfig/467c019e582ee353435ea5c21d137ef6-le64.cache-4
7f3c3c068000-7f3c3c069000 r--s 00000000 08:02 11277761                   /home/dominik.kopczynski/.cache/fontconfig/e67bebd7c3db996ad093fea956ef27cf-le64.cache-4
7f3c3c069000-7f3c3c06c000 ---p 00000000 00:00 0 
7f3c3c06c000-7f3c3c16a000 rw-p 00000000 00:00 0                          [stack:3403]
7f3c3c16a000-7f3c3c170000 r--s 00046000 08:02 13108296                   /home/dominik.kopczynski/.m2/repository/jfree/jcommon/1.0.16/jcommon-1.0.16.jar
7f3c3c170000-7f3c3c196000 r--p 00000000 08:02 9709231                    /usr/share/locale-langpack/de/LC_MESSAGES/libc.mo
7f3c3c196000-7f3c3c238000 r-xp 00000000 08:02 9310767                    /usr/lib/jvm/java-8-oracle/jre/lib/amd64/libawt.so
7f3c3c238000-7f3c3c438000 ---p 000a2000 08:02 9310767                    /usr/lib/jvm/java-8-oracle/jre/lib/amd64/libawt.so
7f3c3c438000-7f3c3c444000 rw-p 000a2000 08:02 9310767                    /usr/lib/jvm/java-8-oracle/jre/lib/amd64/libawt.so
7f3c3c444000-7f3c3c468000 rw-p 00000000 00:00 0 
7f3c3c468000-7f3c3c479000 r--s 0014c000 08:02 13108289                   /home/dominik.kopczynski/.m2/repository/jfree/jfreechart/1.0.13/jfreechart-1.0.13.jar
7f3c3c479000-7f3c3c47a000 r--s 0001c000 08:02 13370188                   /home/dominik.kopczynski/.m2/repository/org/swinglabs/swing-layout/1.0.3/swing-layout-1.0.3.jar
7f3c3c47a000-7f3c3c47c000 r--s 00017000 08:02 13108427                   /home/dominik.kopczynski/.m2/repository/xpp3/xpp3/1.1.3.4-RC3/xpp3-1.1.3.4-RC3.jar
7f3c3c47c000-7f3c3c47e000 r--s 0000b000 08:02 13108270                   /home/dominik.kopczynski/.m2/repository/cpdetector/cpdetector/1.0.7/cpdetector-1.0.7.jar
7f3c3c47e000-7f3c3c486000 r--s 00085000 08:02 13257551                   /home/dominik.kopczynski/.m2/repository/psidev/psi/tools/xxindex/0.11/xxindex-0.11.jar
7f3c3c486000-7f3c3c489000 r--s 00011000 08:02 13241232                   /home/dominik.kopczynski/.m2/repository/javax/servlet/servlet-api/2.3/servlet-api-2.3.jar
7f3c3c489000-7f3c3c48c000 r--s 0000d000 08:02 13108075                   /home/dominik.kopczynski/.m2/repository/avalon-framework/avalon-framework/4.1.3/avalon-framework-4.1.3.jar
7f3c3c48c000-7f3c3c48f000 r--s 0000f000 08:02 13108335                   /home/dominik.kopczynski/.m2/repository/logkit/logkit/1.0.1/logkit-1.0.1.jar
7f3c3c48f000-7f3c3c490000 r--s 0000c000 08:02 13108214                   /home/dominik.kopczynski/.m2/repository/commons-logging/commons-logging/1.1/commons-logging-1.1.jar
7f3c3c490000-7f3c3c493000 r--s 00012000 08:02 13108230                   /home/dominik.kopczynski/.m2/repository/commons-io/commons-io/1.3.1/commons-io-1.3.1.jar
7f3c3c493000-7f3c3c498000 r--s 00145000 08:02 13240781                   /home/dominik.kopczynski/.m2/repository/com/compomics/mascotdatfile/3.4.32/mascotdatfile-3.4.32.jar
7f3c3c498000-7f3c3c49f000 r--s 0004d000 08:02 13240802                   /home/dominik.kopczynski/.m2/repository/com/jhlabs/filters/2.0.235/filters-2.0.235.jar
7f3c3c49f000-7f3c3c4b9000 r--s 00139000 08:02 13370181                   /home/dominik.kopczynski/.m2/repository/org/swinglabs/swingx/0.9.1/swingx-0.9.1.jar
7f3c3c4b9000-7f3c3c4bd000 r--s 00020000 08:02 13263667                   /home/dominik.kopczynski/.m2/repository/de/proteinms/xtandemparser/xtandem-parser/1.10.0/xtandem-parser-1.10.0.jar
7f3c3c4bd000-7f3c3c4c3000 r--s 00025000 08:02 13636732                   /home/dominik.kopczynski/.m2/repository/de/proteinms/omxparser/omssa-parser/1.7.1/omssa-parser-1.7.1.jar
7f3c3c4c3000-7f3c3c4c9000 r--s 00045000 08:02 13108249                   /home/dominik.kopczynski/.m2/repository/commons-httpclient/commons-httpclient/3.1/commons-httpclient-3.1.jar
7f3c3c4c9000-7f3c3c4ce000 r--s 0002f000 08:02 14025604                   /home/dominik.kopczynski/.m2/repository/com/google/code/gson/gson/2.4/gson-2.4.jar
7f3c3c4ce000-7f3c3c4f8000 rw-p 00000000 00:00 0 
7f3c3c4f8000-7f3c3c61d000 r--s 00ec5000 08:02 13636737                   /home/dominik.kopczynski/.m2/repository/it/unimi/dsi/fastutil/6.5.1/fastutil-6.5.1.jar
7f3c3c61d000-7f3c3c624000 r--s 00042000 08:02 14025659                   /home/dominik.kopczynski/.m2/repository/uk/ac/ebi/jmzidml/jmzidentml/1.1.9/jmzidentml-1.1.9.jar
7f3c3c624000-7f3c3c632000 r--s 00095000 08:02 13108356                   /home/dominik.kopczynski/.m2/repository/msv/msv/20050913/msv-20050913.jar
7f3c3c632000-7f3c3c640000 r--s 00111000 08:02 14025685                   /home/dominik.kopczynski/.m2/repository/umontreal/iro/lecuyer/gof/ssj/2.5.0/ssj-2.5.0.jar
7f3c3c640000-7f3c3c66a000 r--s 0028a000 08:02 13115819                   /home/dominik.kopczynski/.m2/repository/org/apache/derby/derby/10.10.1.1/derby-10.10.1.1.jar
7f3c3c66a000-7f3c3c682000 r--s 00115000 08:02 13108406                   /home/dominik.kopczynski/.m2/repository/xerces/xercesImpl/2.9.1/xercesImpl-2.9.1.jar
7f3c3c682000-7f3c3c6c2000 r--s 00241000 08:02 13108064                   /home/dominik.kopczynski/.m2/repository/batik/batik-all/1.6/batik-all-1.6.jar
7f3c3c6c2000-7f3c3c6c3000 ---p 00000000 00:00 0 
7f3c3c6c3000-7f3c3c7c3000 rw-p 00000000 00:00 0                          [stack:3401]
7f3c3c7c3000-7f3c3c7c6000 ---p 00000000 00:00 0 
7f3c3c7c6000-7f3c3c8c4000 rw-p 00000000 00:00 0                          [stack:3400]
7f3c3c8c4000-7f3c3c8c7000 ---p 00000000 00:00 0 
7f3c3c8c7000-7f3c3c9c5000 rw-p 00000000 00:00 0                          [stack:3399]
7f3c3c9c5000-7f3c3c9c8000 ---p 00000000 00:00 0 
7f3c3c9c8000-7f3c3cac6000 rw-p 00000000 00:00 0                          [stack:3398]
7f3c3cac6000-7f3c3cac9000 ---p 00000000 00:00 0 
7f3c3cac9000-7f3c3cbc7000 rw-p 00000000 00:00 0                          [stack:3397]
7f3c3cbc7000-7f3c3cbca000 ---p 00000000 00:00 0 
7f3c3cbca000-7f3c3ccc8000 rw-p 00000000 00:00 0                          [stack:3396]
7f3c3ccc8000-7f3c3cccb000 ---p 00000000 00:00 0 
7f3c3cccb000-7f3c3cdc9000 rw-p 00000000 00:00 0                          [stack:3395]
7f3c3cdc9000-7f3c3cdcc000 ---p 00000000 00:00 0 
7f3c3cdcc000-7f3c3ceca000 rw-p 00000000 00:00 0                          [stack:3394]
7f3c3ceca000-7f3c3cecb000 ---p 00000000 00:00 0 
7f3c3cecb000-7f3c3dfad000 rw-p 00000000 00:00 0                          [stack:3393]
7f3c3dfad000-7f3c3e186000 r--s 03d1f000 08:02 9310751                    /usr/lib/jvm/java-8-oracle/jre/lib/rt.jar
7f3c3e186000-7f3c3f5b4000 rw-p 00000000 00:00 0 
7f3c3f5b4000-7f3c3f5b5000 ---p 00000000 00:00 0 
7f3c3f5b5000-7f3c3f6b5000 rw-p 00000000 00:00 0                          [stack:3392]
7f3c3f6b5000-7f3c3f6b6000 ---p 00000000 00:00 0 
7f3c3f6b6000-7f3c3f7b6000 rw-p 00000000 00:00 0                          [stack:3391]
7f3c3f7b6000-7f3c3f7b7000 ---p 00000000 00:00 0 
7f3c3f7b7000-7f3c3fa29000 rw-p 00000000 00:00 0                          [stack:3390]
7f3c3fa29000-7f3c40087000 ---p 00000000 00:00 0 
7f3c40087000-7f3c401f9000 rw-p 00000000 00:00 0 
7f3c401f9000-7f3c40857000 ---p 00000000 00:00 0 
7f3c40857000-7f3c40c3d000 rw-p 00000000 00:00 0 
7f3c40c3d000-7f3c40c3f000 ---p 00000000 00:00 0 
7f3c40c3f000-7f3c40cc5000 rw-p 00000000 00:00 0 
7f3c40cc5000-7f3c41000000 ---p 00000000 00:00 0 
7f3c41000000-7f3c43110000 rwxp 00000000 00:00 0 
7f3c43110000-7f3c50000000 ---p 00000000 00:00 0 
7f3c50000000-7f3c5106d000 rw-p 00000000 00:00 0 
7f3c5106d000-7f3c54000000 ---p 00000000 00:00 0 
7f3c54000000-7f3c54004000 r--s 00030000 08:02 13108242                   /home/dominik.kopczynski/.m2/repository/commons-net/commons-net/2.2/commons-net-2.2.jar
7f3c54004000-7f3c54006000 r--s 00009000 08:02 13108125                   /home/dominik.kopczynski/.m2/repository/commons-cli/commons-cli/1.2/commons-cli-1.2.jar
7f3c54006000-7f3c5400a000 r--s 00020000 08:02 13108349                   /home/dominik.kopczynski/.m2/repository/msv/xsdlib/20050913/xsdlib-20050913.jar
7f3c5400a000-7f3c5400d000 r--s 0002d000 08:02 13108363                   /home/dominik.kopczynski/.m2/repository/msv/isorelax/20050913/isorelax-20050913.jar
7f3c5400d000-7f3c5400f000 r--s 00000000 08:02 14164243                   /home/dominik.kopczynski/.m2/repository/uk/ac/ebi/pride/tools/braf/1.0.1/braf-1.0.1.jar
7f3c5400f000-7f3c54016000 r--s 00050000 08:02 13637179                   /home/dominik.kopczynski/.m2/repository/org/apache/commons/commons-compress/1.7/commons-compress-1.7.jar
7f3c54016000-7f3c54071000 rw-p 00000000 00:00 0 
7f3c54071000-7f3c54072000 ---p 00000000 00:00 0 
7f3c54072000-7f3c54172000 rw-p 00000000 00:00 0                          [stack:3389]
7f3c54172000-7f3c5418c000 r-xp 00000000 08:02 9311255                    /usr/lib/jvm/java-8-oracle/jre/lib/amd64/libzip.so
7f3c5418c000-7f3c5438c000 ---p 0001a000 08:02 9311255                    /usr/lib/jvm/java-8-oracle/jre/lib/amd64/libzip.so
7f3c5438c000-7f3c5438d000 rw-p 0001a000 08:02 9311255                    /usr/lib/jvm/java-8-oracle/jre/lib/amd64/libzip.so
7f3c5438d000-7f3c54398000 r-xp 00000000 08:02 3678075                    /lib/x86_64-linux-gnu/libnss_files-2.19.so
7f3c54398000-7f3c54597000 ---p 0000b000 08:02 3678075                    /lib/x86_64-linux-gnu/libnss_files-2.19.so
7f3c54597000-7f3c54598000 r--p 0000a000 08:02 3678075                    /lib/x86_64-linux-gnu/libnss_files-2.19.so
7f3c54598000-7f3c54599000 rw-p 0000b000 08:02 3678075                    /lib/x86_64-linux-gnu/libnss_files-2.19.so
7f3c54599000-7f3c545a4000 r-xp 00000000 08:02 3678067                    /lib/x86_64-linux-gnu/libnss_nis-2.19.so
7f3c545a4000-7f3c547a3000 ---p 0000b000 08:02 3678067                    /lib/x86_64-linux-gnu/libnss_nis-2.19.so
7f3c547a3000-7f3c547a4000 r--p 0000a000 08:02 3678067                    /lib/x86_64-linux-gnu/libnss_nis-2.19.so
7f3c547a4000-7f3c547a5000 rw-p 0000b000 08:02 3678067                    /lib/x86_64-linux-gnu/libnss_nis-2.19.so
7f3c547a5000-7f3c547bc000 r-xp 00000000 08:02 3678063                    /lib/x86_64-linux-gnu/libnsl-2.19.so
7f3c547bc000-7f3c549bb000 ---p 00017000 08:02 3678063                    /lib/x86_64-linux-gnu/libnsl-2.19.so
7f3c549bb000-7f3c549bc000 r--p 00016000 08:02 3678063                    /lib/x86_64-linux-gnu/libnsl-2.19.so
7f3c549bc000-7f3c549bd000 rw-p 00017000 08:02 3678063                    /lib/x86_64-linux-gnu/libnsl-2.19.so
7f3c549bd000-7f3c549bf000 rw-p 00000000 00:00 0 
7f3c549bf000-7f3c549c8000 r-xp 00000000 08:02 3678062                    /lib/x86_64-linux-gnu/libnss_compat-2.19.so
7f3c549c8000-7f3c54bc7000 ---p 00009000 08:02 3678062                    /lib/x86_64-linux-gnu/libnss_compat-2.19.so
7f3c54bc7000-7f3c54bc8000 r--p 00008000 08:02 3678062                    /lib/x86_64-linux-gnu/libnss_compat-2.19.so
7f3c54bc8000-7f3c54bc9000 rw-p 00009000 08:02 3678062                    /lib/x86_64-linux-gnu/libnss_compat-2.19.so
7f3c54bc9000-7f3c54bf3000 r-xp 00000000 08:02 9311068                    /usr/lib/jvm/java-8-oracle/jre/lib/amd64/libjava.so
7f3c54bf3000-7f3c54df3000 ---p 0002a000 08:02 9311068                    /usr/lib/jvm/java-8-oracle/jre/lib/amd64/libjava.so
7f3c54df3000-7f3c54df5000 rw-p 0002a000 08:02 9311068                    /usr/lib/jvm/java-8-oracle/jre/lib/amd64/libjava.so
7f3c54df5000-7f3c54e02000 r-xp 00000000 08:02 9310763                    /usr/lib/jvm/java-8-oracle/jre/lib/amd64/libverify.so
7f3c54e02000-7f3c55002000 ---p 0000d000 08:02 9310763                    /usr/lib/jvm/java-8-oracle/jre/lib/amd64/libverify.so
7f3c55002000-7f3c55004000 rw-p 0000d000 08:02 9310763                    /usr/lib/jvm/java-8-oracle/jre/lib/amd64/libverify.so
7f3c55004000-7f3c5500b000 r-xp 00000000 08:02 3678071                    /lib/x86_64-linux-gnu/librt-2.19.so
7f3c5500b000-7f3c5520a000 ---p 00007000 08:02 3678071                    /lib/x86_64-linux-gnu/librt-2.19.so
7f3c5520a000-7f3c5520b000 r--p 00006000 08:02 3678071                    /lib/x86_64-linux-gnu/librt-2.19.so
7f3c5520b000-7f3c5520c000 rw-p 00007000 08:02 3678071                    /lib/x86_64-linux-gnu/librt-2.19.so
7f3c5520c000-7f3c55649000 r--p 00000000 08:02 9313793                    /usr/lib/locale/locale-archive
7f3c55649000-7f3c5564e000 r-xp 00000000 08:02 9314612                    /usr/lib/x86_64-linux-gnu/libXdmcp.so.6.0.0
7f3c5564e000-7f3c5584d000 ---p 00005000 08:02 9314612                    /usr/lib/x86_64-linux-gnu/libXdmcp.so.6.0.0
7f3c5584d000-7f3c5584e000 r--p 00004000 08:02 9314612                    /usr/lib/x86_64-linux-gnu/libXdmcp.so.6.0.0
7f3c5584e000-7f3c5584f000 rw-p 00005000 08:02 9314612                    /usr/lib/x86_64-linux-gnu/libXdmcp.so.6.0.0
7f3c5584f000-7f3c55851000 r-xp 00000000 08:02 9314601                    /usr/lib/x86_64-linux-gnu/libXau.so.6.0.0
7f3c55851000-7f3c55a51000 ---p 00002000 08:02 9314601                    /usr/lib/x86_64-linux-gnu/libXau.so.6.0.0
7f3c55a51000-7f3c55a52000 r--p 00002000 08:02 9314601                    /usr/lib/x86_64-linux-gnu/libXau.so.6.0.0
7f3c55a52000-7f3c55a53000 rw-p 00003000 08:02 9314601                    /usr/lib/x86_64-linux-gnu/libXau.so.6.0.0
7f3c55a53000-7f3c55a70000 r-xp 00000000 08:02 9315518                    /usr/lib/x86_64-linux-gnu/libxcb.so.1.1.0
7f3c55a70000-7f3c55c70000 ---p 0001d000 08:02 9315518                    /usr/lib/x86_64-linux-gnu/libxcb.so.1.1.0
7f3c55c70000-7f3c55c71000 r--p 0001d000 08:02 9315518                    /usr/lib/x86_64-linux-gnu/libxcb.so.1.1.0
7f3c55c71000-7f3c55c72000 rw-p 0001e000 08:02 9315518                    /usr/lib/x86_64-linux-gnu/libxcb.so.1.1.0
7f3c55c72000-7f3c55c83000 r-xp 00000000 08:02 9314614                    /usr/lib/x86_64-linux-gnu/libXext.so.6.4.0
7f3c55c83000-7f3c55e82000 ---p 00011000 08:02 9314614                    /usr/lib/x86_64-linux-gnu/libXext.so.6.4.0
7f3c55e82000-7f3c55e83000 r--p 00010000 08:02 9314614                    /usr/lib/x86_64-linux-gnu/libXext.so.6.4.0
7f3c55e83000-7f3c55e84000 rw-p 00011000 08:02 9314614                    /usr/lib/x86_64-linux-gnu/libXext.so.6.4.0
7f3c55e84000-7f3c55fb4000 r-xp 00000000 08:02 9314599                    /usr/lib/x86_64-linux-gnu/libX11.so.6.3.0
7f3c55fb4000-7f3c561b4000 ---p 00130000 08:02 9314599                    /usr/lib/x86_64-linux-gnu/libX11.so.6.3.0
7f3c561b4000-7f3c561b5000 r--p 00130000 08:02 9314599                    /usr/lib/x86_64-linux-gnu/libX11.so.6.3.0
7f3c561b5000-7f3c561b9000 rw-p 00131000 08:02 9314599                    /usr/lib/x86_64-linux-gnu/libX11.so.6.3.0
7f3c561b9000-7f3c5621a000 r-xp 00000000 08:02 9310780                    /usr/lib/jvm/java-8-oracle/jre/lib/amd64/libsplashscreen.so
7f3c5621a000-7f3c5641a000 ---p 00061000 08:02 9310780                    /usr/lib/jvm/java-8-oracle/jre/lib/amd64/libsplashscreen.so
7f3c5641a000-7f3c5641b000 rw-p 00061000 08:02 9310780                    /usr/lib/jvm/java-8-oracle/jre/lib/amd64/libsplashscreen.so
7f3c5641b000-7f3c5641e000 rw-p 00000000 00:00 0 
7f3c5641e000-7f3c56523000 r-xp 00000000 08:02 3678057                    /lib/x86_64-linux-gnu/libm-2.19.so
7f3c56523000-7f3c56722000 ---p 00105000 08:02 3678057                    /lib/x86_64-linux-gnu/libm-2.19.so
7f3c56722000-7f3c56723000 r--p 00104000 08:02 3678057                    /lib/x86_64-linux-gnu/libm-2.19.so
7f3c56723000-7f3c56724000 rw-p 00105000 08:02 3678057                    /lib/x86_64-linux-gnu/libm-2.19.so
7f3c56724000-7f3c573e4000 r-xp 00000000 08:02 9311280                    /usr/lib/jvm/java-8-oracle/jre/lib/amd64/server/libjvm.so
7f3c573e4000-7f3c575e4000 ---p 00cc0000 08:02 9311280                    /usr/lib/jvm/java-8-oracle/jre/lib/amd64/server/libjvm.so
7f3c575e4000-7f3c576bc000 rw-p 00cc0000 08:02 9311280                    /usr/lib/jvm/java-8-oracle/jre/lib/amd64/server/libjvm.so
7f3c576bc000-7f3c57707000 rw-p 00000000 00:00 0 
7f3c57707000-7f3c578c2000 r-xp 00000000 08:02 3678072                    /lib/x86_64-linux-gnu/libc-2.19.so
7f3c578c2000-7f3c57ac1000 ---p 001bb000 08:02 3678072                    /lib/x86_64-linux-gnu/libc-2.19.so
7f3c57ac1000-7f3c57ac5000 r--p 001ba000 08:02 3678072                    /lib/x86_64-linux-gnu/libc-2.19.so
7f3c57ac5000-7f3c57ac7000 rw-p 001be000 08:02 3678072                    /lib/x86_64-linux-gnu/libc-2.19.so
7f3c57ac7000-7f3c57acc000 rw-p 00000000 00:00 0 
7f3c57acc000-7f3c57acf000 r-xp 00000000 08:02 3678059                    /lib/x86_64-linux-gnu/libdl-2.19.so
7f3c57acf000-7f3c57cce000 ---p 00003000 08:02 3678059                    /lib/x86_64-linux-gnu/libdl-2.19.so
7f3c57cce000-7f3c57ccf000 r--p 00002000 08:02 3678059                    /lib/x86_64-linux-gnu/libdl-2.19.so
7f3c57ccf000-7f3c57cd0000 rw-p 00003000 08:02 3678059                    /lib/x86_64-linux-gnu/libdl-2.19.so
7f3c57cd0000-7f3c57ce5000 r-xp 00000000 08:02 9323446                    /usr/lib/jvm/java-8-oracle/lib/amd64/jli/libjli.so
7f3c57ce5000-7f3c57ee5000 ---p 00015000 08:02 9323446                    /usr/lib/jvm/java-8-oracle/lib/amd64/jli/libjli.so
7f3c57ee5000-7f3c57ee6000 rw-p 00015000 08:02 9323446                    /usr/lib/jvm/java-8-oracle/lib/amd64/jli/libjli.so
7f3c57ee6000-7f3c57eff000 r-xp 00000000 08:02 3678064                    /lib/x86_64-linux-gnu/libpthread-2.19.so
7f3c57eff000-7f3c580fe000 ---p 00019000 08:02 3678064                    /lib/x86_64-linux-gnu/libpthread-2.19.so
7f3c580fe000-7f3c580ff000 r--p 00018000 08:02 3678064                    /lib/x86_64-linux-gnu/libpthread-2.19.so
7f3c580ff000-7f3c58100000 rw-p 00019000 08:02 3678064                    /lib/x86_64-linux-gnu/libpthread-2.19.so
7f3c58100000-7f3c58104000 rw-p 00000000 00:00 0 
7f3c58104000-7f3c58127000 r-xp 00000000 08:02 3678065                    /lib/x86_64-linux-gnu/ld-2.19.so
7f3c58127000-7f3c58128000 r--s 00004000 08:02 13108342                   /home/dominik.kopczynski/.m2/repository/msv/relaxngDatatype/20050913/relaxngDatatype-20050913.jar
7f3c58128000-7f3c5812c000 r--s 00015000 08:02 13370195                   /home/dominik.kopczynski/.m2/repository/org/tukaani/xz/1.4/xz-1.4.jar
7f3c5812c000-7f3c58134000 r--s 00028000 08:02 13108413                   /home/dominik.kopczynski/.m2/repository/xml-apis/xml-apis/1.3.04/xml-apis-1.3.04.jar
7f3c58134000-7f3c5813f000 r--s 000ad000 08:02 13108067                   /home/dominik.kopczynski/.m2/repository/batik/pdf-transcoder/1.0/pdf-transcoder-1.0.jar
7f3c5813f000-7f3c581fe000 rw-p 00000000 00:00 0 
7f3c581fe000-7f3c58201000 ---p 00000000 00:00 0 
7f3c58201000-7f3c58303000 rw-p 00000000 00:00 0                          [stack:3388]
7f3c58303000-7f3c5830c000 r--s 0005e000 08:02 13240795                   /home/dominik.kopczynski/.m2/repository/com/jgoodies/looks/2.2.2/looks-2.2.2.jar
7f3c5830c000-7f3c58313000 r--s 00051000 08:02 13108311                   /home/dominik.kopczynski/.m2/repository/log4j/log4j/1.2.12/log4j-1.2.12.jar
7f3c58313000-7f3c5831b000 rw-s 00000000 08:02 2239013                    /tmp/hsperfdata_dominik.kopczynski/3387
7f3c5831b000-7f3c5831c000 rw-p 00000000 00:00 0 
7f3c5831c000-7f3c5831d000 ---p 00000000 00:00 0 
7f3c5831d000-7f3c58324000 r--s 00000000 08:02 9571765                    /usr/lib/x86_64-linux-gnu/gconv/gconv-modules.cache
7f3c58324000-7f3c58326000 rw-p 00000000 00:00 0 
7f3c58326000-7f3c58327000 r--p 00022000 08:02 3678065                    /lib/x86_64-linux-gnu/ld-2.19.so
7f3c58327000-7f3c58328000 rw-p 00023000 08:02 3678065                    /lib/x86_64-linux-gnu/ld-2.19.so
7f3c58328000-7f3c58329000 rw-p 00000000 00:00 0 
7ffcca20f000-7ffcca232000 rw-p 00000000 00:00 0                          [stack]
7ffcca273000-7ffcca275000 r--p 00000000 00:00 0                          [vvar]
7ffcca275000-7ffcca277000 r-xp 00000000 00:00 0                          [vdso]
ffffffffff600000-ffffffffff601000 r-xp 00000000 00:00 0                  [vsyscall]

VM Arguments:
jvm_args: -Xmx6000M 
java_command: eu.isas.peptideshaker.gui.PeptideShakerGUI
java_class_path (initial): /home/dominik.kopczynski/NetBeansProjects/peptide-shaker/target/classes:/home/dominik.kopczynski/NetBeansProjects/compomics-utilities/target/classes:/home/dominik.kopczynski/.m2/repository/log4j/log4j/1.2.12/log4j-1.2.12.jar:/home/dominik.kopczynski/.m2/repository/com/jgoodies/looks/2.2.2/looks-2.2.2.jar:/home/dominik.kopczynski/.m2/repository/batik/batik-all/1.6/batik-all-1.6.jar:/home/dominik.kopczynski/.m2/repository/batik/pdf-transcoder/1.0/pdf-transcoder-1.0.jar:/home/dominik.kopczynski/.m2/repository/xerces/xercesImpl/2.9.1/xercesImpl-2.9.1.jar:/home/dominik.kopczynski/.m2/repository/xml-apis/xml-apis/1.3.04/xml-apis-1.3.04.jar:/home/dominik.kopczynski/.m2/repository/org/apache/commons/commons-compress/1.7/commons-compress-1.7.jar:/home/dominik.kopczynski/.m2/repository/org/tukaani/xz/1.4/xz-1.4.jar:/home/dominik.kopczynski/.m2/repository/org/apache/derby/derby/10.10.1.1/derby-10.10.1.1.jar:/home/dominik.kopczynski/.m2/repository/uk/ac/ebi/pride/tools/braf/1.0.1/braf-1.0.1.jar:/home/dominik.kopczynski/.m2/repository/umontreal/iro/lecuyer/gof/ssj/2.5.0/ssj-2.5.0.jar:/home/dominik.kopczynski/.m2/repository/msv/msv/20050913/msv-20050913.jar:/home/dominik.kopczynski/.m2/repository/msv/isorelax/20050913/isorelax-20050913.jar:/home/dominik.kopczynski/.m2/repository/msv/relaxngDatatype/20050913/relaxngDatatype-20050913.jar:/home/dominik.kopczynski/.m2/repository/msv/xsdlib/20050913/xsdlib-20050913.jar:/home/dominik.kopczynski/.m2/repository/commons-cli/commons-cli/1.2/commons-cli-1.2.jar:/home/dominik.kopczynski/.m2/repository/commons-net/commons-net/2.2/commons-net-2.2.jar:/home/dominik.kopczynski/.m2/repository/uk/ac/ebi/jmzidml/jmzidentml/1.1.9/jmzidentml-1.1.9.jar:/home/dominik.kopczynski/.m2/repository/it/unimi/dsi/fastutil/6.5.1/fastutil-6.5.1.jar:/home/dominik.kopczynski/.m2/repository/com/google/code/gson/gson/2.4/gson-2.4.jar:/home/dominik.kopczynski/.m2/repository/commons-httpclient/commons-httpclient/3.1/commons-httpclient-3.1.
Launcher Type: SUN_STANDARD

Environment Variables:
JAVA_HOME=/usr/lib/jvm/java-8-oracle
PATH=/usr/local/sbin:/usr/local/bin:/usr/sbin:/usr/bin:/sbin:/bin:/usr/games:/usr/local/games
LD_LIBRARY_PATH=/usr/lib/jvm/java-8-oracle/jre/lib/amd64:/usr/lib/jvm/java-8-oracle/jre/lib/i386:
SHELL=/bin/bash
DISPLAY=:0

Signal Handlers:
SIGSEGV: [libjvm.so+0xabca10], sa_mask[0]=11111111011111111101111111111110, sa_flags=SA_RESTART|SA_SIGINFO
SIGBUS: [libjvm.so+0xabca10], sa_mask[0]=11111111011111111101111111111110, sa_flags=SA_RESTART|SA_SIGINFO
SIGFPE: [libjvm.so+0x919a20], sa_mask[0]=11111111011111111101111111111110, sa_flags=SA_RESTART|SA_SIGINFO
SIGPIPE: [libjvm.so+0x919a20], sa_mask[0]=11111111011111111101111111111110, sa_flags=SA_RESTART|SA_SIGINFO
SIGXFSZ: [libjvm.so+0x919a20], sa_mask[0]=11111111011111111101111111111110, sa_flags=SA_RESTART|SA_SIGINFO
SIGILL: [libjvm.so+0x919a20], sa_mask[0]=11111111011111111101111111111110, sa_flags=SA_RESTART|SA_SIGINFO
SIGUSR1: SIG_DFL, sa_mask[0]=00000000000000000000000000000000, sa_flags=none
SIGUSR2: [libjvm.so+0x91b050], sa_mask[0]=00100000000000000000000000000000, sa_flags=SA_RESTART|SA_SIGINFO
SIGHUP: [libjvm.so+0x91c450], sa_mask[0]=11111111011111111101111111111110, sa_flags=SA_RESTART|SA_SIGINFO
SIGINT: SIG_IGN, sa_mask[0]=00000000000000000000000000000000, sa_flags=none
SIGTERM: [libjvm.so+0x91c450], sa_mask[0]=11111111011111111101111111111110, sa_flags=SA_RESTART|SA_SIGINFO
SIGQUIT: [libjvm.so+0x91c450], sa_mask[0]=11111111011111111101111111111110, sa_flags=SA_RESTART|SA_SIGINFO


---------------  S Y S T E M  ---------------

OS:DISTRIB_ID=Ubuntu
DISTRIB_RELEASE=14.04
DISTRIB_CODENAME=trusty
DISTRIB_DESCRIPTION="Ubuntu 14.04.4 LTS"

uname:Linux 3.19.0-58-generic #64~14.04.1-Ubuntu SMP Fri Mar 18 19:05:43 UTC 2016 x86_64
libc:glibc 2.19 NPTL 2.19 
rlimit: STACK 8192k, CORE 0k, NPROC 63334, NOFILE 4096, AS infinity
load average:4,37 2,49 2,08

/proc/meminfo:
MemTotal:       16315224 kB
MemFree:         4741188 kB
MemAvailable:    9762376 kB
Buffers:          370216 kB
Cached:          4705452 kB
SwapCached:        21812 kB
Active:          8290888 kB
Inactive:        2816236 kB
Active(anon):    4940580 kB
Inactive(anon):  1144248 kB
Active(file):    3350308 kB
Inactive(file):  1671988 kB
Unevictable:          64 kB
Mlocked:              64 kB
SwapTotal:      16658428 kB
SwapFree:       16398748 kB
Dirty:               944 kB
Writeback:             0 kB
AnonPages:       6018172 kB
Mapped:           379060 kB
Shmem:             53356 kB
Slab:             299912 kB
SReclaimable:     252296 kB
SUnreclaim:        47616 kB
KernelStack:        9408 kB
PageTables:        53544 kB
NFS_Unstable:          0 kB
Bounce:                0 kB
WritebackTmp:          0 kB
CommitLimit:    24816040 kB
Committed_AS:   11131460 kB
VmallocTotal:   34359738367 kB
VmallocUsed:      337612 kB
VmallocChunk:   34359385596 kB
HardwareCorrupted:     0 kB
AnonHugePages:   4591616 kB
CmaTotal:              0 kB
CmaFree:               0 kB
HugePages_Total:       0
HugePages_Free:        0
HugePages_Rsvd:        0
HugePages_Surp:        0
Hugepagesize:       2048 kB
DirectMap4k:      252388 kB
DirectMap2M:    13260800 kB
DirectMap1G:     3145728 kB


CPU:total 4 (4 cores per cpu, 1 threads per core) family 6 model 63 stepping 2, cmov, cx8, fxsr, mmx, sse, sse2, sse3, ssse3, sse4.1, sse4.2, popcnt, avx, avx2, aes, clmul, erms, lzcnt, tsc, tscinvbit, bmi1, bmi2

/proc/cpuinfo:
processor	: 0
vendor_id	: GenuineIntel
cpu family	: 6
model		: 63
model name	: Intel(R) Xeon(R) CPU E5-1603 v3 @ 2.80GHz
stepping	: 2
microcode	: 0x2d
cpu MHz		: 2800.000
cache size	: 10240 KB
physical id	: 0
siblings	: 4
core id		: 0
cpu cores	: 4
apicid		: 0
initial apicid	: 0
fpu		: yes
fpu_exception	: yes
cpuid level	: 15
wp		: yes
flags		: fpu vme de pse tsc msr pae mce cx8 apic sep mtrr pge mca cmov pat pse36 clflush dts acpi mmx fxsr sse sse2 ss ht tm pbe syscall nx pdpe1gb rdtscp lm constant_tsc arch_perfmon pebs bts rep_good nopl xtopology nonstop_tsc aperfmperf eagerfpu pni pclmulqdq dtes64 monitor ds_cpl vmx smx est tm2 ssse3 fma cx16 xtpr pdcm pcid dca sse4_1 sse4_2 x2apic movbe popcnt tsc_deadline_timer aes xsave avx f16c rdrand lahf_lm abm arat epb pln pts dtherm tpr_shadow vnmi flexpriority ept vpid fsgsbase tsc_adjust bmi1 avx2 smep bmi2 erms invpcid xsaveopt
bugs		:
bogomips	: 5587.33
clflush size	: 64
cache_alignment	: 64
address sizes	: 46 bits physical, 48 bits virtual
power management:

processor	: 1
vendor_id	: GenuineIntel
cpu family	: 6
model		: 63
model name	: Intel(R) Xeon(R) CPU E5-1603 v3 @ 2.80GHz
stepping	: 2
microcode	: 0x2d
cpu MHz		: 2799.890
cache size	: 10240 KB
physical id	: 0
siblings	: 4
core id		: 1
cpu cores	: 4
apicid		: 2
initial apicid	: 2
fpu		: yes
fpu_exception	: yes
cpuid level	: 15
wp		: yes
flags		: fpu vme de pse tsc msr pae mce cx8 apic sep mtrr pge mca cmov pat pse36 clflush dts acpi mmx fxsr sse sse2 ss ht tm pbe syscall nx pdpe1gb rdtscp lm constant_tsc arch_perfmon pebs bts rep_good nopl xtopology nonstop_tsc aperfmperf eagerfpu pni pclmulqdq dtes64 monitor ds_cpl vmx smx est tm2 ssse3 fma cx16 xtpr pdcm pcid dca sse4_1 sse4_2 x2apic movbe popcnt tsc_deadline_timer aes xsave avx f16c rdrand lahf_lm abm arat epb pln pts dtherm tpr_shadow vnmi flexpriority ept vpid fsgsbase tsc_adjust bmi1 avx2 smep bmi2 erms invpcid xsaveopt
bugs		:
bogomips	: 5587.33
clflush size	: 64
cache_alignment	: 64
address sizes	: 46 bits physical, 48 bits virtual
power management:

processor	: 2
vendor_id	: GenuineIntel
cpu family	: 6
model		: 63
model name	: Intel(R) Xeon(R) CPU E5-1603 v3 @ 2.80GHz
stepping	: 2
microcode	: 0x2d
cpu MHz		: 2799.890
cache size	: 10240 KB
physical id	: 0
siblings	: 4
core id		: 2
cpu cores	: 4
apicid		: 4
initial apicid	: 4
fpu		: yes
fpu_exception	: yes
cpuid level	: 15
wp		: yes
flags		: fpu vme de pse tsc msr pae mce cx8 apic sep mtrr pge mca cmov pat pse36 clflush dts acpi mmx fxsr sse sse2 ss ht tm pbe syscall nx pdpe1gb rdtscp lm constant_tsc arch_perfmon pebs bts rep_good nopl xtopology nonstop_tsc aperfmperf eagerfpu pni pclmulqdq dtes64 monitor ds_cpl vmx smx est tm2 ssse3 fma cx16 xtpr pdcm pcid dca sse4_1 sse4_2 x2apic movbe popcnt tsc_deadline_timer aes xsave avx f16c rdrand lahf_lm abm arat epb pln pts dtherm tpr_shadow vnmi flexpriority ept vpid fsgsbase tsc_adjust bmi1 avx2 smep bmi2 erms invpcid xsaveopt
bugs		:
bogomips	: 5587.33
clflush size	: 64
cache_alignment	: 64
address sizes	: 46 bits physical, 48 bits virtual
power management:

processor	: 3
vendor_id	: GenuineIntel
cpu family	: 6
model		: 63
model name	: Intel(R) Xeon(R) CPU E5-1603 v3 @ 2.80GHz
stepping	: 2
microcode	: 0x2d
cpu MHz		: 2800.000
cache size	: 10240 KB
physical id	: 0
siblings	: 4
core id		: 3
cpu cores	: 4
apicid		: 6
initial apicid	: 6
fpu		: yes
fpu_exception	: yes
cpuid level	: 15
wp		: yes
flags		: fpu vme de pse tsc msr pae mce cx8 apic sep mtrr pge mca cmov pat pse36 clflush dts acpi mmx fxsr sse sse2 ss ht tm pbe syscall nx pdpe1gb rdtscp lm constant_tsc arch_perfmon pebs bts rep_good nopl xtopology nonstop_tsc aperfmperf eagerfpu pni pclmulqdq dtes64 monitor ds_cpl vmx smx est tm2 ssse3 fma cx16 xtpr pdcm pcid dca sse4_1 sse4_2 x2apic movbe popcnt tsc_deadline_timer aes xsave avx f16c rdrand lahf_lm abm arat epb pln pts dtherm tpr_shadow vnmi flexpriority ept vpid fsgsbase tsc_adjust bmi1 avx2 smep bmi2 erms invpcid xsaveopt
bugs		:
bogomips	: 5587.33
clflush size	: 64
cache_alignment	: 64
address sizes	: 46 bits physical, 48 bits virtual
power management:



Memory: 4k page, physical 16315224k(4741188k free), swap 16658428k(16398748k free)

vm_info: Java HotSpot(TM) 64-Bit Server VM (25.91-b14) for linux-amd64 JRE (1.8.0_91-b14), built on Apr  1 2016 00:57:21 by "java_re" with gcc 4.3.0 20080428 (Red Hat 4.3.0-8)

time: Wed May 11 14:46:20 2016
elapsed time: 110 seconds (0d 0h 1m 50s)

