#
# A fatal error has been detected by the Java Runtime Environment:
#
#  Internal Error (os_windows_x86.cpp:149), pid=5556, tid=9968
#  guarantee(result == EXCEPTION_CONTINUE_EXECUTION) failed: Unexpected result from topLevelExceptionFilter
#
# JRE version: 6.0_31-b05
# Java VM: Java HotSpot(TM) 64-Bit Server VM (20.6-b01 mixed mode windows-amd64 compressed oops)
# If you would like to submit a bug report, please visit:
#   http://java.sun.com/webapps/bugreport/crash.jsp
#

---------------  T H R E A D  ---------------

Current thread (0x0000000008266000):  JavaThread "AWT-EventQueue-0" [_thread_in_Java, id=9968, stack(0x0000000009ef0000,0x0000000009ff0000)]

Stack: [0x0000000009ef0000,0x0000000009ff0000]
[error occurred during error reporting (printing stack bounds), id 0xc0000005]


---------------  P R O C E S S  ---------------

Java Threads: ( => current thread )
  0x000000000b5e9000 JavaThread "derby.rawStoreDaemon" daemon [_thread_blocked, id=3884, stack(0x0000000008bd0000,0x0000000008cd0000)]
  0x000000001948f800 JavaThread "Timer-1" daemon [_thread_blocked, id=9284, stack(0x0000000008aa0000,0x0000000008ba0000)]
  0x00000000094ac800 JavaThread "SwingWorker-pool-2-thread-1" daemon [_thread_blocked, id=3552, stack(0x000000000d3d0000,0x000000000d4d0000)]
  0x000000000b5f0000 JavaThread "Swing-Shell" daemon [_thread_blocked, id=9004, stack(0x00000000021e0000,0x00000000022e0000)]
  0x00000000003bd000 JavaThread "DestroyJavaVM" [_thread_blocked, id=8588, stack(0x00000000022e0000,0x00000000023e0000)]
  0x000000000b60b000 JavaThread "TimerQueue" daemon [_thread_blocked, id=3920, stack(0x000000000cd80000,0x000000000ce80000)]
  0x000000000970e800 JavaThread "HoverWatcher" [_thread_blocked, id=7616, stack(0x000000000cc80000,0x000000000cd80000)]
=>0x0000000008266000 JavaThread "AWT-EventQueue-0" [_thread_in_Java, id=9968, stack(0x0000000009ef0000,0x0000000009ff0000)]
  0x0000000008344800 JavaThread "AWT-Windows" daemon [_thread_in_native, id=10188, stack(0x0000000008690000,0x0000000008790000)]
  0x0000000008343800 JavaThread "AWT-Shutdown" [_thread_blocked, id=7692, stack(0x0000000008590000,0x0000000008690000)]
  0x0000000008348800 JavaThread "Java2D Disposer" daemon [_thread_blocked, id=6080, stack(0x0000000008490000,0x0000000008590000)]
  0x0000000006f69000 JavaThread "Low Memory Detector" daemon [_thread_blocked, id=8484, stack(0x0000000007da0000,0x0000000007ea0000)]
  0x0000000006f5c000 JavaThread "C2 CompilerThread1" daemon [_thread_blocked, id=2196, stack(0x0000000007ca0000,0x0000000007da0000)]
  0x0000000006f49000 JavaThread "C2 CompilerThread0" daemon [_thread_in_native, id=10048, stack(0x0000000007ba0000,0x0000000007ca0000)]
  0x0000000006f41800 JavaThread "Attach Listener" daemon [_thread_blocked, id=5728, stack(0x0000000007aa0000,0x0000000007ba0000)]
  0x0000000006f3c800 JavaThread "Signal Dispatcher" daemon [_thread_blocked, id=9400, stack(0x00000000079a0000,0x0000000007aa0000)]
  0x0000000006ee8000 JavaThread "Finalizer" daemon [_thread_blocked, id=6948, stack(0x00000000078a0000,0x00000000079a0000)]
  0x0000000006ee1000 JavaThread "Reference Handler" daemon [_thread_blocked, id=7040, stack(0x00000000077a0000,0x00000000078a0000)]

Other Threads:
  0x0000000006eda800 VMThread [stack: 0x00000000076a0000,0x00000000077a0000] [id=9872]
  0x0000000006f7a000 WatcherThread [stack: 0x0000000007ea0000,0x0000000007fa0000] [id=9052]

VM state:not at safepoint (normal execution)

VM Mutex/Monitor currently owned by a thread: None

Heap
 PSYoungGen      total 1129856K, used 234061K [0x0000000783000000, 0x00000007cf650000, 0x0000000800000000)
  eden space 1018816K, 13% used [0x0000000783000000,0x000000078baaaa18,0x00000007c12f0000)
  from space 111040K, 82% used [0x00000007c89a0000,0x00000007ce388c98,0x00000007cf610000)
  to   space 116416K, 0% used [0x00000007c12f0000,0x00000007c12f0000,0x00000007c84a0000)
 PSOldGen        total 678912K, used 530438K [0x0000000689000000, 0x00000006b2700000, 0x0000000783000000)
  object space 678912K, 78% used [0x0000000689000000,0x00000006a9601818,0x00000006b2700000)
 PSPermGen       total 81856K, used 49779K [0x0000000683e00000, 0x0000000688df0000, 0x0000000689000000)
  object space 81856K, 60% used [0x0000000683e00000,0x0000000686e9cf08,0x0000000688df0000)

Code Cache  [0x00000000025d0000, 0x0000000002f90000, 0x00000000055d0000)
 total_blobs=3150 nmethods=2254 adapters=846 free_code_cache=40280896 largest_free_block=6336

Dynamic libraries:
