#
# A fatal error has been detected by the Java Runtime Environment:
#
#  EXCEPTION_ACCESS_VIOLATION (0xc0000005) at pc=0x000000068680e050, pid=2804, tid=3328
#
# JRE version: 6.0_31-b05
# Java VM: Java HotSpot(TM) 64-Bit Server VM (20.6-b01 mixed mode windows-amd64 compressed oops)
# Problematic frame:
# C  0x000000068680e050
#
# If you would like to submit a bug report, please visit:
#   http://java.sun.com/webapps/bugreport/crash.jsp
#

---------------  T H R E A D  ---------------

Current thread (0x000000000930d000):  JavaThread "AWT-EventQueue-0" [_thread_in_Java, id=3328, stack(0x000000000a070000,0x000000000a170000)]

siginfo: ExceptionCode=0xc0000005, ExceptionInformation=0x0000000000000008 0x000000068680e050

Registers:
RAX=0x0000000000000001, RBX=0x00000006847eb9a0, RCX=0x0000000000000003, RDX=0x0000000689f897b8
RSP=0x000000000a16d540, RBP=0x00000006847eb5b0, RSI=0x0000000684562d90, RDI=0x00000000029258fa
R8 =0x0000000000000000, R9 =0x0000000000000001, R10=0x0000000000000000, R11=0x0000000000000000
R12=0x0000000000000000, R13=0x0000000002c1239c, R14=0x000000000a16d570, R15=0x000000000930d000
RIP=0x000000068680e050, EFLAGS=0x0000000000014246

Top of Stack: (sp=0x000000000a16d540)
0x000000000a16d540:   00000006847eb248 0000000000000247
0x000000000a16d550:   000000000a16d580 0000000000000001
0x000000000a16d560:   0000000002c1239c 0000000788f36138
0x000000000a16d570:   0000000000000005 0000000002c1239c
0x000000000a16d580:   000000000a16d5e8 00000000029259c9
0x000000000a16d590:   0000000000000005 00000000029f38b0
0x000000000a16d5a0:   0000000000000003 000000068a166010
0x000000000a16d5b0:   0000000684562d70 d142cc08f11e6c27
0x000000000a16d5c0:   0000000788f36138 000000068a166060
0x000000000a16d5d0:   000000078955f798 000000078902fcc8
0x000000000a16d5e0:   0000000400000001 0000000000000008
0x000000000a16d5f0:   00000000030a6a6c 0000000788f36138
0x000000000a16d600:   00000000d142cc02 00000000030a6a98
0x000000000a16d610:   0000000788f355e8 000000000a16d618
0x000000000a16d620:   0000000684106fb5 000000006daa2482
0x000000000a16d630:   0000000788f36138 000000078902fcc8 

Instructions: (pc=0x000000068680e050)
0x000000068680e030:   98 1c 70 84 06 00 00 00 52 25 00 00 00 00 00 00
0x000000068680e040:   00 00 00 00 00 00 00 00 00 00 00 00 00 00 00 00
0x000000068680e050:   00 00 00 00 00 00 00 00 09 00 00 00 00 00 00 00
0x000000068680e060:   02 00 00 00 00 00 00 00 00 00 00 00 00 00 00 00 


Register to memory mapping:

RAX=0x0000000000000001 is an unknown value
RBX=0x00000006847eb9a0 is an oop
{method} 
 - klass: {other class}
RCX=0x0000000000000003 is an unknown value
RDX=0x0000000689f897b8 is an oop
com.sun.java.swing.plaf.nimbus.ProgressBarFinishedState 
 - klass: 'com/sun/java/swing/plaf/nimbus/ProgressBarFinishedState'
RSP=0x000000000a16d540 is pointing into the stack for thread: 0x000000000930d000
RBP=0x00000006847eb5b0 is an oop
{constant pool cache} 
 - klass: {other class}
RSI=0x0000000684562d90 is an oop
[C 
 - klass: {type array char}
 - length: 27
RDI=0x00000000029258fa is an Interpreter codelet
return entry points  [0x00000000029251e0, 0x00000000029267a0]  5568 bytes
R8 =0x0000000000000000 is an unknown value
R9 =0x0000000000000001 is an unknown value
R10=0x0000000000000000 is an unknown value
R11=0x0000000000000000 is an unknown value
R12=0x0000000000000000 is an unknown value
R13=0x0000000002c12210 [CodeBlob (0x0000000002c12210)]
Framesize: 4
R14=0x000000000a16d570 is pointing into the stack for thread: 0x000000000930d000
R15=0x000000000930d000 is a thread


Stack: [0x000000000a070000,0x000000000a170000],  sp=0x000000000a16d540,  free space=1013k
Native frames: (J=compiled Java code, j=interpreted, Vv=VM code, C=native code)
C  0x000000068680e050


---------------  P R O C E S S  ---------------

Java Threads: ( => current thread )
  0x0000000009317800 JavaThread "Image Fetcher 0" daemon [_thread_blocked, id=3716, stack(0x0000000008550000,0x0000000008650000)]
  0x0000000009316000 JavaThread "DisplayThread" [_thread_blocked, id=5336, stack(0x00000000081e0000,0x00000000082e0000)]
  0x0000000009315000 JavaThread "ProgressDialog" [_thread_blocked, id=5704, stack(0x00000000080e0000,0x00000000081e0000)]
  0x0000000009313800 JavaThread "derby.rawStoreDaemon" daemon [_thread_blocked, id=6960, stack(0x000000000d670000,0x000000000d770000)]
  0x000000000930e000 JavaThread "Timer-0" daemon [_thread_blocked, id=6392, stack(0x000000000d570000,0x000000000d670000)]
  0x0000000009314800 JavaThread "SwingWorker-pool-2-thread-1" daemon [_thread_blocked, id=5980, stack(0x000000000cb40000,0x000000000cc40000)]
  0x0000000009312800 JavaThread "Swing-Shell" daemon [_thread_blocked, id=5360, stack(0x000000000cf40000,0x000000000d040000)]
  0x0000000009311800 JavaThread "DestroyJavaVM" [_thread_blocked, id=3696, stack(0x00000000026f0000,0x00000000027f0000)]
  0x0000000009311000 JavaThread "TimerQueue" daemon [_thread_blocked, id=7044, stack(0x00000000025f0000,0x00000000026f0000)]
  0x0000000009310000 JavaThread "NewsFeedThread" [_thread_blocked, id=888, stack(0x000000000cd40000,0x000000000ce40000)]
  0x000000000930f800 JavaThread "HoverWatcher" [_thread_blocked, id=3268, stack(0x000000000cc40000,0x000000000cd40000)]
=>0x000000000930d000 JavaThread "AWT-EventQueue-0" [_thread_in_Java, id=3328, stack(0x000000000a070000,0x000000000a170000)]
  0x000000000930c800 JavaThread "AWT-Windows" daemon [_thread_in_native, id=6552, stack(0x0000000009bb0000,0x0000000009cb0000)]
  0x000000000930c000 JavaThread "AWT-Shutdown" [_thread_blocked, id=7104, stack(0x0000000009ab0000,0x0000000009bb0000)]
  0x000000000930b000 JavaThread "Java2D Disposer" daemon [_thread_blocked, id=6644, stack(0x00000000099b0000,0x0000000009ab0000)]
  0x00000000072a9000 JavaThread "Low Memory Detector" daemon [_thread_blocked, id=2992, stack(0x0000000008bb0000,0x0000000008cb0000)]
  0x00000000072a0000 JavaThread "C2 CompilerThread1" daemon [_thread_blocked, id=6588, stack(0x0000000008ab0000,0x0000000008bb0000)]
  0x000000000729b000 JavaThread "C2 CompilerThread0" daemon [_thread_blocked, id=7076, stack(0x00000000089b0000,0x0000000008ab0000)]
  0x0000000007297000 JavaThread "Attach Listener" daemon [_thread_blocked, id=6124, stack(0x00000000088b0000,0x00000000089b0000)]
  0x0000000007292000 JavaThread "Signal Dispatcher" daemon [_thread_blocked, id=1124, stack(0x00000000087b0000,0x00000000088b0000)]
  0x0000000007235800 JavaThread "Finalizer" daemon [_thread_blocked, id=2640, stack(0x0000000007fe0000,0x00000000080e0000)]
  0x0000000007234000 JavaThread "Reference Handler" daemon [_thread_blocked, id=3652, stack(0x0000000007ee0000,0x0000000007fe0000)]

Other Threads:
  0x000000000722d800 VMThread [stack: 0x00000000078f0000,0x00000000079f0000] [id=6716]
  0x00000000072bc800 WatcherThread [stack: 0x0000000008cb0000,0x0000000008db0000] [id=6412]

VM state:synchronizing (normal execution)

VM Mutex/Monitor currently owned by a thread:  ([mutex/lock_event])
[0x000000000062b830] Safepoint_lock - owner thread: 0x000000000722d800
[0x000000000062b8b0] Threads_lock - owner thread: 0x000000000722d800

Heap
 PSYoungGen      total 636992K, used 259369K [0x0000000783000000, 0x00000007b76e0000, 0x0000000800000000)
  eden space 456896K, 28% used [0x0000000783000000,0x000000078b163098,0x000000079ee30000)
  from space 180096K, 70% used [0x000000079ee30000,0x00000007a6a17550,0x00000007a9e10000)
  to   space 182144K, 0% used [0x00000007ac500000,0x00000007ac500000,0x00000007b76e0000)
 PSOldGen        total 823360K, used 523647K [0x0000000689000000, 0x00000006bb410000, 0x0000000783000000)
  object space 823360K, 63% used [0x0000000689000000,0x00000006a8f5fe68,0x00000006bb410000)
 PSPermGen       total 82048K, used 51147K [0x0000000683e00000, 0x0000000688e20000, 0x0000000689000000)
  object space 82048K, 62% used [0x0000000683e00000,0x0000000686ff2ca8,0x0000000688e20000)

Code Cache  [0x0000000002920000, 0x00000000031e0000, 0x0000000005920000)
 total_blobs=2894 nmethods=2004 adapters=840 free_code_cache=41281088 largest_free_block=13312

Dynamic libraries:
0x0000000000400000 - 0x000000000042f000 	C:\Program Files\Java\jdk1.6.0_31\bin\java.exe
0x0000000077590000 - 0x0000000077739000 	C:\Windows\SYSTEM32\ntdll.dll
0x0000000077000000 - 0x000000007711f000 	C:\Windows\system32\kernel32.dll
0x000007fefdc50000 - 0x000007fefdcbc000 	C:\Windows\system32\KERNELBASE.dll
0x000007feff510000 - 0x000007feff5eb000 	C:\Windows\system32\ADVAPI32.dll
0x000007feff2b0000 - 0x000007feff34f000 	C:\Windows\system32\msvcrt.dll
0x000007fefdfe0000 - 0x000007fefdfff000 	C:\Windows\SYSTEM32\sechost.dll
0x000007feff180000 - 0x000007feff2ad000 	C:\Windows\system32\RPCRT4.dll
0x000000006d8b0000 - 0x000000006e068000 	C:\Program Files\Java\jdk1.6.0_31\jre\bin\server\jvm.dll
0x0000000077330000 - 0x000000007742a000 	C:\Windows\system32\USER32.dll
0x000007feff4a0000 - 0x000007feff507000 	C:\Windows\system32\GDI32.dll
0x000007fefdfd0000 - 0x000007fefdfde000 	C:\Windows\system32\LPK.dll
0x000007feff730000 - 0x000007feff7f9000 	C:\Windows\system32\USP10.dll
0x000007fefbe40000 - 0x000007fefbe7b000 	C:\Windows\system32\WINMM.dll
0x000007feff470000 - 0x000007feff49e000 	C:\Windows\system32\IMM32.DLL
0x000007fefdea0000 - 0x000007fefdfa9000 	C:\Windows\system32\MSCTF.dll
0x0000000074e00000 - 0x0000000074e38000 	C:\PROGRA~2\Sophos\SOPHOS~1\SOPHOS~2.DLL
0x0000000077750000 - 0x0000000077757000 	C:\Windows\system32\PSAPI.DLL
0x000000006d770000 - 0x000000006d79a000 	C:\Program Files\Java\jdk1.6.0_31\jre\bin\splashscreen.dll
0x000007fefc410000 - 0x000007fefc466000 	C:\Windows\system32\uxtheme.dll
0x000000006d820000 - 0x000000006d82e000 	C:\Program Files\Java\jdk1.6.0_31\jre\bin\verify.dll
0x000000006d450000 - 0x000000006d477000 	C:\Program Files\Java\jdk1.6.0_31\jre\bin\java.dll
0x000000006d870000 - 0x000000006d882000 	C:\Program Files\Java\jdk1.6.0_31\jre\bin\zip.dll
0x000007fefef70000 - 0x000007feff173000 	C:\Windows\system32\ole32.dll
0x000007fefd920000 - 0x000007fefd92f000 	C:\Windows\system32\CRYPTBASE.dll
0x000007feff5f0000 - 0x000007feff6c7000 	C:\Windows\system32\OLEAUT32.DLL
0x000000006d0a0000 - 0x000000006d264000 	C:\Program Files\Java\jdk1.6.0_31\jre\bin\awt.dll
0x000007fef5d90000 - 0x000007fef5e01000 	C:\Windows\system32\WINSPOOL.DRV
0x000007fefe1e0000 - 0x000007fefef68000 	C:\Windows\system32\SHELL32.dll
0x000007fefddc0000 - 0x000007fefde31000 	C:\Windows\system32\SHLWAPI.dll
0x000007fefc470000 - 0x000007fefc664000 	C:\Windows\WinSxS\amd64_microsoft.windows.common-controls_6595b64144ccf1df_6.0.7601.17514_none_fa396087175ac9ac\COMCTL32.dll
0x000007fefbc30000 - 0x000007fefbc48000 	C:\Windows\system32\DWMAPI.DLL
0x000000006d340000 - 0x000000006d3a7000 	C:\Program Files\Java\jdk1.6.0_31\jre\bin\fontmanager.dll
0x000000006d6b0000 - 0x000000006d6c7000 	C:\Program Files\Java\jdk1.6.0_31\jre\bin\net.dll
0x000007feff6d0000 - 0x000007feff71d000 	C:\Windows\system32\WS2_32.dll
0x000007feff720000 - 0x000007feff728000 	C:\Windows\system32\NSI.dll
0x0000000074dc0000 - 0x0000000074de2000 	C:\ProgramData\Sophos\Web Intelligence\swi_ifslsp_64.dll
0x000007fefcc10000 - 0x000007fefcc1c000 	C:\Windows\system32\VERSION.dll
0x000007fefd260000 - 0x000007fefd2b5000 	C:\Windows\system32\mswsock.dll
0x000007fefd250000 - 0x000007fefd257000 	C:\Windows\System32\wship6.dll
0x000007fefcbf0000 - 0x000007fefcbf7000 	C:\Windows\System32\wshtcpip.dll
0x000007fefd0e0000 - 0x000007fefd13b000 	C:\Windows\system32\DNSAPI.dll
0x000007fefc3e0000 - 0x000007fefc407000 	C:\Windows\system32\IPHLPAPI.DLL
0x000007fefcc00000 - 0x000007fefcc0b000 	C:\Windows\system32\WINNSI.DLL
0x000007fef65e0000 - 0x000007fef65e8000 	C:\Windows\system32\rasadhlp.dll
0x000007fefa990000 - 0x000007fefa9e3000 	C:\Windows\System32\fwpuclnt.dll
0x000000006d6d0000 - 0x000000006d6db000 	C:\Program Files\Java\jdk1.6.0_31\jre\bin\nio.dll
0x000000006d2b0000 - 0x000000006d2d8000 	C:\Program Files\Java\jdk1.6.0_31\jre\bin\dcpr.dll
0x000007fefe000000 - 0x000007fefe1d7000 	C:\Windows\system32\SETUPAPI.dll
0x000007fefdce0000 - 0x000007fefdd16000 	C:\Windows\system32\CFGMGR32.dll
0x000007fefdcc0000 - 0x000007fefdcda000 	C:\Windows\system32\DEVOBJ.dll
0x000007feff800000 - 0x000007feff899000 	C:\Windows\system32\CLBCatQ.DLL
0x000007fefc150000 - 0x000007fefc27c000 	C:\Windows\system32\propsys.dll
0x000007fefc960000 - 0x000007fefc98d000 	C:\Windows\system32\ntmarta.dll
0x000007fefde40000 - 0x000007fefde92000 	C:\Windows\system32\WLDAP32.dll
0x000007fefd8c0000 - 0x000007fefd917000 	C:\Windows\system32\apphelp.dll
0x000007feed3a0000 - 0x000007feed53c000 	C:\Windows\system32\NetworkExplorer.dll
0x000007fef33c0000 - 0x000007fef33f4000 	C:\Windows\System32\shdocvw.dll
0x000007fefd9f0000 - 0x000007fefd9ff000 	C:\Windows\system32\profapi.dll
0x000007fefb5f0000 - 0x000007fefb5fb000 	C:\Windows\system32\slc.dll
0x000007fef51f0000 - 0x000007fef5208000 	C:\Windows\system32\MPR.dll
0x0000000180000000 - 0x0000000180019000 	C:\Program Files\Common Files\Adobe\Adobe Drive CS4\AdobeDriveCS4_NP.dll
0x000007fef3f00000 - 0x000007fef3f0a000 	C:\Windows\System32\drprov.dll
0x000007fefcdf0000 - 0x000007fefce2d000 	C:\Windows\System32\WINSTA.dll
0x000007fef3ed0000 - 0x000007fef3ef2000 	C:\Windows\System32\ntlanman.dll
0x000007fef3eb0000 - 0x000007fef3ecc000 	C:\Windows\System32\davclnt.dll
0x000007fef3ea0000 - 0x000007fef3eaa000 	C:\Windows\System32\DAVHLPR.dll
0x000007fefb4c0000 - 0x000007fefb4d5000 	C:\Windows\system32\wkscli.dll
0x000007fef5810000 - 0x000007fef581f000 	C:\Windows\system32\cscapi.dll
0x000007fefcef0000 - 0x000007fefcefc000 	C:\Windows\system32\netutils.dll
0x000007feed120000 - 0x000007feed391000 	C:\Windows\system32\wpdshext.dll
0x000007fefbf30000 - 0x000007fefc146000 	C:\Windows\WinSxS\amd64_microsoft.windows.gdiplus_6595b64144ccf1df_1.1.7601.17825_none_2b253c8271ec7765\gdiplus.dll
0x000007fef63b0000 - 0x000007fef646d000 	C:\Windows\system32\PortableDeviceApi.dll
0x000007fefdc10000 - 0x000007fefdc49000 	C:\Windows\system32\WINTRUST.dll
0x000007fefdaa0000 - 0x000007fefdc0a000 	C:\Windows\system32\CRYPT32.dll
0x000007fefda90000 - 0x000007fefda9f000 	C:\Windows\system32\MSASN1.dll
0x000007fef3750000 - 0x000007fef3785000 	C:\Windows\system32\EhStorShell.dll
0x000007fef62d0000 - 0x000007fef62f7000 	C:\Windows\system32\EhStorAPI.dll
0x000007fef3f30000 - 0x000007fef3f3c000 	C:\Windows\system32\LINKINFO.dll
0x000007feed750000 - 0x000007feee1c1000 	C:\Windows\System32\ieframe.dll
0x000007fef0cd0000 - 0x000007fef0d24000 	C:\Windows\System32\OLEACC.dll
0x0000000077120000 - 0x000000007732f000 	C:\Windows\system32\iertutil.dll
0x000000006d600000 - 0x000000006d6af000 	C:\Program Files\Java\jdk1.6.0_31\jre\bin\mlib_image.dll
0x000000006d5f0000 - 0x000000006d5fa000 	C:\Program Files\Java\jdk1.6.0_31\jre\bin\management.dll
0x000007fefba50000 - 0x000007fefba65000 	C:\Windows\system32\NLAapi.dll
0x000007fef3e60000 - 0x000007fef3e75000 	C:\Windows\system32\napinsp.dll
0x000007fef3e80000 - 0x000007fef3e99000 	C:\Windows\system32\pnrpnsp.dll
0x000007fef3e50000 - 0x000007fef3e60000 	C:\Windows\system32\wshbth.dll
0x000007fef3e40000 - 0x000007fef3e4b000 	C:\Windows\System32\winrnr.dll

VM Arguments:
jvm_args: -Xmx6000M 
java_command: eu.isas.peptideshaker.gui.PeptideShakerGUI
Launcher Type: SUN_STANDARD

Environment Variables:
JAVA_HOME=C:\Program Files\Java\jdk1.6.0_31
PATH=C:\Inetpub\tpp-bin;C:\Perl64\site\bin;C:\Perl64\bin;C:\Program Files (x86)\Kerio\Outlook Connector (Offline Edition)\;C:\Windows\system32;C:\Windows;C:\Windows\System32\Wbem;C:\Windows\System32\WindowsPowerShell\v1.0\;C:\Program Files\Broadcom\Broadcom 802.11 C:\Program Files\Java\jdk1.6.0_31\bin;C:\Program Files\OpenMS-1.9\bin;C:\Program Files\OpenMS-1.9\share\OpenMS\THIRDPARTY\pwiz-bin;C:\Program Files\apache-maven-3.0.4\bin
USERNAME=vaudel
OS=Windows_NT
PROCESSOR_IDENTIFIER=Intel64 Family 6 Model 42 Stepping 7, GenuineIntel



---------------  S Y S T E M  ---------------

OS: Windows 7 , 64 bit Build 7601 Service Pack 1

CPU:total 4 (2 cores per cpu, 2 threads per core) family 6 model 42 stepping 7, cmov, cx8, fxsr, mmx, sse, sse2, sse3, ssse3, sse4.1, sse4.2, popcnt, ht

Memory: 4k page, physical 8321392k(2258804k free), swap 16640932k(10295560k free)

vm_info: Java HotSpot(TM) 64-Bit Server VM (20.6-b01) for windows-amd64 JRE (1.6.0_31-b05), built on Feb  3 2012 18:34:57 by "java_re" with MS VC++ 8.0 (VS2005)

time: Sat Nov 10 01:25:28 2012
elapsed time: 492 seconds

